#
# A fatal error has been detected by the Java Runtime Environment:
#
#  SIGSEGV (0xb) at pc=0x00007f2a4d1f5d25, pid=11282, tid=0x00007f2a38639700
#
# JRE version: Java(TM) SE Runtime Environment (8.0_181-b13) (build 1.8.0_181-b13)
# Java VM: Java HotSpot(TM) 64-Bit Server VM (25.181-b13 mixed mode linux-amd64 compressed oops)
# Problematic frame:
# V  [libjvm.so+0x5cad25]  G1ParScanThreadState::copy_to_survivor_space(InCSetState, oopDesc*, markOopDesc*)+0x45
#
# Failed to write core dump. Core dumps have been disabled. To enable core dumping, try "ulimit -c unlimited" before starting Java again
#
# If you would like to submit a bug report, please visit:
#   http://bugreport.java.com/bugreport/crash.jsp
#

---------------  T H R E A D  ---------------

Current thread (0x00007f2a4802c000):  GCTaskThread [stack: 0x00007f2a3853a000,0x00007f2a3863a000] [id=11290]

siginfo: si_signo: 11 (SIGSEGV), si_code: 1 (SEGV_MAPERR), si_addr: 0x0000000003180380

Registers:
RAX=0x00007f2a4dbcba00, RBX=0x00007f2a4dbcb9f0, RCX=0x0000000000000003, RDX=0x0000000000000001
RSP=0x00007f2a386383a0, RBP=0x00007f2a38638420, RSI=0x0000000000000001, RDI=0x0000000003180378
R8 =0x00007f2a4801bfc0, R9 =0x00000000c7617f60, R10=0x00000000c6df6ad8, R11=0x00007f2a4d6c2370
R12=0x00000000c6df6acc, R13=0x00000000c7617f60, R14=0x00007f2a38638680, R15=0x00007f2a4dbcb9f0
RIP=0x00007f2a4d1f5d25, EFLAGS=0x0000000000010206, CSGSFS=0x002b000000000033, ERR=0x0000000000000004
  TRAPNO=0x000000000000000e

Top of Stack: (sp=0x00007f2a386383a0)
0x00007f2a386383a0:   00000000c6df6af8 0000000720000041
0x00007f2a386383b0:   01007f2a38638430 0000000100000000
0x00007f2a386383c0:   00000000c6df693d 00000001c6df59d0
0x00007f2a386383d0:   000000010001c118 00000000c6df693c
0x00007f2a386383e0:   00007f2a38638480 01007f2a4d27c8df
0x00007f2a386383f0:   0000000000000000 00007f2a4dbcb9f0
0x00007f2a38638400:   00000000c6df6acc 00007f2a480d5770
0x00007f2a38638410:   00007f2a38638680 00007f2a4dbcb9f0
0x00007f2a38638420:   00007f2a38638510 00007f2a4d1f688b
0x00007f2a38638430:   00007f2a38638480 00007f2a4d29b6a4
0x00007f2a38638440:   00007f2a386384c0 00007f2a386384a0
0x00007f2a38638450:   00007f2a38638490 00007f2a38638480
0x00007f2a38638460:   00007f2a386384b0 00007f2a38638690
0x00007f2a38638470:   00007f2a386387f0 00007f2a386384d0
0x00007f2a38638480:   0000013e000000b9 00007f2a4d1f61a5
0x00007f2a38638490:   00000000c6df6918 0000000000000001
0x00007f2a386384a0:   0100000000000743 0000000100000000
0x00007f2a386384b0:   0000013d000000b9 00000001c6de0590
0x00007f2a386384c0:   0000010f000000f5 00007f2a4d53c9d7
0x00007f2a386384d0:   00000000c6df6acd 0100000200000040
0x00007f2a386384e0:   000000044801a0f0 00000000c6e3bf10
0x00007f2a386384f0:   00007f2a480d6570 00007f2a4802f8c0
0x00007f2a38638500:   00007f2a38638680 00007f2a4dbcb9f0
0x00007f2a38638510:   00007f2a386385e0 00007f2a4d1d1198
0x00007f2a38638520:   00007f2a38638540 00007f2a4d1eada8
0x00007f2a38638530:   00007f2a38638ae0 0000000000000006
0x00007f2a38638540:   00007f2a38638590 00007f2a38638580
0x00007f2a38638550:   00007f2a386385a0 00007f2a38638c00
0x00007f2a38638560:   00007f2a38638840 3ebc7cdabe700000
0x00007f2a38638570:   00007f2a38638690 00007f2a386387f0
0x00007f2a38638580:   00007f2a386389b0 00007f2a112013e0
0x00007f2a38638590:   00000000c74db89a 00007f2a4dd5cea6 

Instructions: (pc=0x00007f2a4d1f5d25)
0x00007f2a4d1f5d05:   88 0f b6 10 84 d2 0f 84 3f 01 00 00 48 8b 05 00
0x00007f2a4d1f5d15:   6b 9b 00 41 8b 7d 08 8b 48 08 48 d3 e7 48 03 38
0x00007f2a4d1f5d25:   8b 77 08 83 fe 00 0f 8e 2f 01 00 00 40 f6 c6 01
0x00007f2a4d1f5d35:   0f 85 35 01 00 00 89 f0 c1 f8 03 4c 63 f8 49 8b 

Register to memory mapping:

RAX=0x00007f2a4dbcba00: <offset 0xfa0a00> in /usr/lib/jvm/java-8-oracle/jre/lib/amd64/server/libjvm.so at 0x00007f2a4cc2b000
RBX=0x00007f2a4dbcb9f0: <offset 0xfa09f0> in /usr/lib/jvm/java-8-oracle/jre/lib/amd64/server/libjvm.so at 0x00007f2a4cc2b000
RCX=0x0000000000000003 is an unknown value
RDX=0x0000000000000001 is an unknown value
RSP=0x00007f2a386383a0 is an unknown value
RBP=0x00007f2a38638420 is an unknown value
RSI=0x0000000000000001 is an unknown value
RDI=0x0000000003180378 is an unknown value
R8 =0x00007f2a4801bfc0 is an unknown value
R9 =0x00000000c7617f60 is pointing into object: 0x00000000c7617f58
[C 
 - klass: {type array char}
 - length: 7
R10=0x00000000c6df6ad8 is pointing into object: 0x00000000c6de9b80

[error occurred during error reporting (printing register info), id 0xb]

Stack: [0x00007f2a3853a000,0x00007f2a3863a000],  sp=0x00007f2a386383a0,  free space=1016k
Native frames: (J=compiled Java code, j=interpreted, Vv=VM code, C=native code)
V  [libjvm.so+0x5cad25]  G1ParScanThreadState::copy_to_survivor_space(InCSetState, oopDesc*, markOopDesc*)+0x45
V  [libjvm.so+0x5cb88b]  G1ParScanThreadState::trim_queue()+0x45b
V  [libjvm.so+0x5a6198]  G1ParEvacuateFollowersClosure::do_void()+0x208
V  [libjvm.so+0x5b1bb3]  G1ParTask::work(unsigned int)+0x463
V  [libjvm.so+0xaf439f]  GangWorker::loop()+0xcf
V  [libjvm.so+0x930198]  java_start(Thread*)+0x108


---------------  P R O C E S S  ---------------

Java Threads: ( => current thread )
  0x00007f2a482de000 JavaThread "process reaper" daemon [_thread_blocked, id=11334, stack(0x00007f29bbcc4000,0x00007f29bbcfd000)]
  0x00007f2a481be800 JavaThread "Service Thread" daemon [_thread_blocked, id=11326, stack(0x00007f29bbdfe000,0x00007f29bbeff000)]
  0x00007f2a481ab800 JavaThread "C1 CompilerThread3" daemon [_thread_blocked, id=11325, stack(0x00007f29bbf00000,0x00007f29bc000000)]
  0x00007f2a481a9800 JavaThread "C2 CompilerThread2" daemon [_thread_blocked, id=11324, stack(0x00007f2a1002d000,0x00007f2a1012d000)]
  0x00007f2a481a7000 JavaThread "C2 CompilerThread1" daemon [_thread_blocked, id=11323, stack(0x00007f2a1012e000,0x00007f2a1022e000)]
  0x00007f2a481a5000 JavaThread "C2 CompilerThread0" daemon [_thread_in_native, id=11322, stack(0x00007f2a1022f000,0x00007f2a1032f000)]
  0x00007f2a481a3000 JavaThread "Signal Dispatcher" daemon [_thread_blocked, id=11321, stack(0x00007f2a1032f000,0x00007f2a10430000)]
  0x00007f2a481a1000 JavaThread "Surrogate Locker Thread (Concurrent GC)" daemon [_thread_blocked, id=11320, stack(0x00007f2a10430000,0x00007f2a10531000)]
  0x00007f2a4816a000 JavaThread "Finalizer" daemon [_thread_blocked, id=11308, stack(0x00007f2a10f00000,0x00007f2a11001000)]
  0x00007f2a48167800 JavaThread "Reference Handler" daemon [_thread_blocked, id=11307, stack(0x00007f2a11001000,0x00007f2a11102000)]
  0x00007f2a4800a000 JavaThread "main" [_thread_blocked, id=11283, stack(0x00007f2a4e75b000,0x00007f2a4e85b000)]

Other Threads:
  0x00007f2a4815e000 VMThread [stack: 0x00007f2a11103000,0x00007f2a11203000] [id=11306]
  0x00007f2a481c4800 WatcherThread [stack: 0x00007f29bbcfe000,0x00007f29bbdfe000] [id=11327]

=>0x00007f2a4802c000 (exited) GCTaskThread [stack: 0x00007f2a3853a000,0x00007f2a3863a000] [id=11290]

VM state:at safepoint (normal execution)

VM Mutex/Monitor currently owned by a thread:  ([mutex/lock_event])
[0x00007f2a48008640] Threads_lock - owner thread: 0x00007f2a4815e000
[0x00007f2a48008b40] Heap_lock - owner thread: 0x00007f2a4800a000

Heap:
 garbage-first heap   total 122880K, used 9216K [0x00000000c0000000, 0x00000000c01003c0, 0x0000000100000000)
  region size 1024K, 9 young (9216K), 0 survivors (0K)
 Metaspace       used 6042K, capacity 6310K, committed 6400K, reserved 1056768K
  class space    used 655K, capacity 746K, committed 768K, reserved 1048576K

Heap Regions: (Y=young(eden), SU=young(survivor), HS=humongous(starts), HC=humongous(continues), CS=collection set, F=free, TS=gc time stamp, PTAMS=previous top-at-mark-start, NTAMS=next top-at-mark-start)
AC   0  O    TS     1 PTAMS 0x00000000c0000000 NTAMS 0x00000000c0000000 space 1024K,   6% used [0x00000000c0000000, 0x00000000c0100000)
AC   0  F    TS     0 PTAMS 0x00000000c0100000 NTAMS 0x00000000c0100000 space 1024K,   0% used [0x00000000c0100000, 0x00000000c0200000)
AC   0  F    TS     0 PTAMS 0x00000000c0200000 NTAMS 0x00000000c0200000 space 1024K,   0% used [0x00000000c0200000, 0x00000000c0300000)
AC   0  F    TS     0 PTAMS 0x00000000c0300000 NTAMS 0x00000000c0300000 space 1024K,   0% used [0x00000000c0300000, 0x00000000c0400000)
AC   0  F    TS     0 PTAMS 0x00000000c0400000 NTAMS 0x00000000c0400000 space 1024K,   0% used [0x00000000c0400000, 0x00000000c0500000)
AC   0  F    TS     0 PTAMS 0x00000000c0500000 NTAMS 0x00000000c0500000 space 1024K,   0% used [0x00000000c0500000, 0x00000000c0600000)
AC   0  F    TS     0 PTAMS 0x00000000c0600000 NTAMS 0x00000000c0600000 space 1024K,   0% used [0x00000000c0600000, 0x00000000c0700000)
AC   0  F    TS     0 PTAMS 0x00000000c0700000 NTAMS 0x00000000c0700000 space 1024K,   0% used [0x00000000c0700000, 0x00000000c0800000)
AC   0  F    TS     0 PTAMS 0x00000000c0800000 NTAMS 0x00000000c0800000 space 1024K,   0% used [0x00000000c0800000, 0x00000000c0900000)
AC   0  F    TS     0 PTAMS 0x00000000c0900000 NTAMS 0x00000000c0900000 space 1024K,   0% used [0x00000000c0900000, 0x00000000c0a00000)
AC   0  F    TS     0 PTAMS 0x00000000c0a00000 NTAMS 0x00000000c0a00000 space 1024K,   0% used [0x00000000c0a00000, 0x00000000c0b00000)
AC   0  F    TS     0 PTAMS 0x00000000c0b00000 NTAMS 0x00000000c0b00000 space 1024K,   0% used [0x00000000c0b00000, 0x00000000c0c00000)
AC   0  F    TS     0 PTAMS 0x00000000c0c00000 NTAMS 0x00000000c0c00000 space 1024K,   0% used [0x00000000c0c00000, 0x00000000c0d00000)
AC   0  F    TS     0 PTAMS 0x00000000c0d00000 NTAMS 0x00000000c0d00000 space 1024K,   0% used [0x00000000c0d00000, 0x00000000c0e00000)
AC   0  F    TS     0 PTAMS 0x00000000c0e00000 NTAMS 0x00000000c0e00000 space 1024K,   0% used [0x00000000c0e00000, 0x00000000c0f00000)
AC   0  F    TS     0 PTAMS 0x00000000c0f00000 NTAMS 0x00000000c0f00000 space 1024K,   0% used [0x00000000c0f00000, 0x00000000c1000000)
AC   0  F    TS     0 PTAMS 0x00000000c1000000 NTAMS 0x00000000c1000000 space 1024K,   0% used [0x00000000c1000000, 0x00000000c1100000)
AC   0  F    TS     0 PTAMS 0x00000000c1100000 NTAMS 0x00000000c1100000 space 1024K,   0% used [0x00000000c1100000, 0x00000000c1200000)
AC   0  F    TS     0 PTAMS 0x00000000c1200000 NTAMS 0x00000000c1200000 space 1024K,   0% used [0x00000000c1200000, 0x00000000c1300000)
AC   0  F    TS     0 PTAMS 0x00000000c1300000 NTAMS 0x00000000c1300000 space 1024K,   0% used [0x00000000c1300000, 0x00000000c1400000)
AC   0  F    TS     0 PTAMS 0x00000000c1400000 NTAMS 0x00000000c1400000 space 1024K,   0% used [0x00000000c1400000, 0x00000000c1500000)
AC   0  F    TS     0 PTAMS 0x00000000c1500000 NTAMS 0x00000000c1500000 space 1024K,   0% used [0x00000000c1500000, 0x00000000c1600000)
AC   0  F    TS     0 PTAMS 0x00000000c1600000 NTAMS 0x00000000c1600000 space 1024K,   0% used [0x00000000c1600000, 0x00000000c1700000)
AC   0  F    TS     0 PTAMS 0x00000000c1700000 NTAMS 0x00000000c1700000 space 1024K,   0% used [0x00000000c1700000, 0x00000000c1800000)
AC   0  F    TS     0 PTAMS 0x00000000c1800000 NTAMS 0x00000000c1800000 space 1024K,   0% used [0x00000000c1800000, 0x00000000c1900000)
AC   0  F    TS     0 PTAMS 0x00000000c1900000 NTAMS 0x00000000c1900000 space 1024K,   0% used [0x00000000c1900000, 0x00000000c1a00000)
AC   0  F    TS     0 PTAMS 0x00000000c1a00000 NTAMS 0x00000000c1a00000 space 1024K,   0% used [0x00000000c1a00000, 0x00000000c1b00000)
AC   0  F    TS     0 PTAMS 0x00000000c1b00000 NTAMS 0x00000000c1b00000 space 1024K,   0% used [0x00000000c1b00000, 0x00000000c1c00000)
AC   0  F    TS     0 PTAMS 0x00000000c1c00000 NTAMS 0x00000000c1c00000 space 1024K,   0% used [0x00000000c1c00000, 0x00000000c1d00000)
AC   0  F    TS     0 PTAMS 0x00000000c1d00000 NTAMS 0x00000000c1d00000 space 1024K,   0% used [0x00000000c1d00000, 0x00000000c1e00000)
AC   0  F    TS     0 PTAMS 0x00000000c1e00000 NTAMS 0x00000000c1e00000 space 1024K,   0% used [0x00000000c1e00000, 0x00000000c1f00000)
AC   0  F    TS     0 PTAMS 0x00000000c1f00000 NTAMS 0x00000000c1f00000 space 1024K,   0% used [0x00000000c1f00000, 0x00000000c2000000)
AC   0  F    TS     0 PTAMS 0x00000000c2000000 NTAMS 0x00000000c2000000 space 1024K,   0% used [0x00000000c2000000, 0x00000000c2100000)
AC   0  F    TS     0 PTAMS 0x00000000c2100000 NTAMS 0x00000000c2100000 space 1024K,   0% used [0x00000000c2100000, 0x00000000c2200000)
AC   0  F    TS     0 PTAMS 0x00000000c2200000 NTAMS 0x00000000c2200000 space 1024K,   0% used [0x00000000c2200000, 0x00000000c2300000)
AC   0  F    TS     0 PTAMS 0x00000000c2300000 NTAMS 0x00000000c2300000 space 1024K,   0% used [0x00000000c2300000, 0x00000000c2400000)
AC   0  F    TS     0 PTAMS 0x00000000c2400000 NTAMS 0x00000000c2400000 space 1024K,   0% used [0x00000000c2400000, 0x00000000c2500000)
AC   0  F    TS     0 PTAMS 0x00000000c2500000 NTAMS 0x00000000c2500000 space 1024K,   0% used [0x00000000c2500000, 0x00000000c2600000)
AC   0  F    TS     0 PTAMS 0x00000000c2600000 NTAMS 0x00000000c2600000 space 1024K,   0% used [0x00000000c2600000, 0x00000000c2700000)
AC   0  F    TS     0 PTAMS 0x00000000c2700000 NTAMS 0x00000000c2700000 space 1024K,   0% used [0x00000000c2700000, 0x00000000c2800000)
AC   0  F    TS     0 PTAMS 0x00000000c2800000 NTAMS 0x00000000c2800000 space 1024K,   0% used [0x00000000c2800000, 0x00000000c2900000)
AC   0  F    TS     0 PTAMS 0x00000000c2900000 NTAMS 0x00000000c2900000 space 1024K,   0% used [0x00000000c2900000, 0x00000000c2a00000)
AC   0  F    TS     0 PTAMS 0x00000000c2a00000 NTAMS 0x00000000c2a00000 space 1024K,   0% used [0x00000000c2a00000, 0x00000000c2b00000)
AC   0  F    TS     0 PTAMS 0x00000000c2b00000 NTAMS 0x00000000c2b00000 space 1024K,   0% used [0x00000000c2b00000, 0x00000000c2c00000)
AC   0  F    TS     0 PTAMS 0x00000000c2c00000 NTAMS 0x00000000c2c00000 space 1024K,   0% used [0x00000000c2c00000, 0x00000000c2d00000)
AC   0  F    TS     0 PTAMS 0x00000000c2d00000 NTAMS 0x00000000c2d00000 space 1024K,   0% used [0x00000000c2d00000, 0x00000000c2e00000)
AC   0  F    TS     0 PTAMS 0x00000000c2e00000 NTAMS 0x00000000c2e00000 space 1024K,   0% used [0x00000000c2e00000, 0x00000000c2f00000)
AC   0  F    TS     0 PTAMS 0x00000000c2f00000 NTAMS 0x00000000c2f00000 space 1024K,   0% used [0x00000000c2f00000, 0x00000000c3000000)
AC   0  F    TS     0 PTAMS 0x00000000c3000000 NTAMS 0x00000000c3000000 space 1024K,   0% used [0x00000000c3000000, 0x00000000c3100000)
AC   0  F    TS     0 PTAMS 0x00000000c3100000 NTAMS 0x00000000c3100000 space 1024K,   0% used [0x00000000c3100000, 0x00000000c3200000)
AC   0  F    TS     0 PTAMS 0x00000000c3200000 NTAMS 0x00000000c3200000 space 1024K,   0% used [0x00000000c3200000, 0x00000000c3300000)
AC   0  F    TS     0 PTAMS 0x00000000c3300000 NTAMS 0x00000000c3300000 space 1024K,   0% used [0x00000000c3300000, 0x00000000c3400000)
AC   0  F    TS     0 PTAMS 0x00000000c3400000 NTAMS 0x00000000c3400000 space 1024K,   0% used [0x00000000c3400000, 0x00000000c3500000)
AC   0  F    TS     0 PTAMS 0x00000000c3500000 NTAMS 0x00000000c3500000 space 1024K,   0% used [0x00000000c3500000, 0x00000000c3600000)
AC   0  F    TS     0 PTAMS 0x00000000c3600000 NTAMS 0x00000000c3600000 space 1024K,   0% used [0x00000000c3600000, 0x00000000c3700000)
AC   0  F    TS     0 PTAMS 0x00000000c3700000 NTAMS 0x00000000c3700000 space 1024K,   0% used [0x00000000c3700000, 0x00000000c3800000)
AC   0  F    TS     0 PTAMS 0x00000000c3800000 NTAMS 0x00000000c3800000 space 1024K,   0% used [0x00000000c3800000, 0x00000000c3900000)
AC   0  F    TS     0 PTAMS 0x00000000c3900000 NTAMS 0x00000000c3900000 space 1024K,   0% used [0x00000000c3900000, 0x00000000c3a00000)
AC   0  F    TS     0 PTAMS 0x00000000c3a00000 NTAMS 0x00000000c3a00000 space 1024K,   0% used [0x00000000c3a00000, 0x00000000c3b00000)
AC   0  F    TS     0 PTAMS 0x00000000c3b00000 NTAMS 0x00000000c3b00000 space 1024K,   0% used [0x00000000c3b00000, 0x00000000c3c00000)
AC   0  F    TS     0 PTAMS 0x00000000c3c00000 NTAMS 0x00000000c3c00000 space 1024K,   0% used [0x00000000c3c00000, 0x00000000c3d00000)
AC   0  F    TS     0 PTAMS 0x00000000c3d00000 NTAMS 0x00000000c3d00000 space 1024K,   0% used [0x00000000c3d00000, 0x00000000c3e00000)
AC   0  F    TS     0 PTAMS 0x00000000c3e00000 NTAMS 0x00000000c3e00000 space 1024K,   0% used [0x00000000c3e00000, 0x00000000c3f00000)
AC   0  F    TS     0 PTAMS 0x00000000c3f00000 NTAMS 0x00000000c3f00000 space 1024K,   0% used [0x00000000c3f00000, 0x00000000c4000000)
AC   0  F    TS     0 PTAMS 0x00000000c4000000 NTAMS 0x00000000c4000000 space 1024K,   0% used [0x00000000c4000000, 0x00000000c4100000)
AC   0  F    TS     0 PTAMS 0x00000000c4100000 NTAMS 0x00000000c4100000 space 1024K,   0% used [0x00000000c4100000, 0x00000000c4200000)
AC   0  F    TS     0 PTAMS 0x00000000c4200000 NTAMS 0x00000000c4200000 space 1024K,   0% used [0x00000000c4200000, 0x00000000c4300000)
AC   0  F    TS     0 PTAMS 0x00000000c4300000 NTAMS 0x00000000c4300000 space 1024K,   0% used [0x00000000c4300000, 0x00000000c4400000)
AC   0  F    TS     0 PTAMS 0x00000000c4400000 NTAMS 0x00000000c4400000 space 1024K,   0% used [0x00000000c4400000, 0x00000000c4500000)
AC   0  F    TS     0 PTAMS 0x00000000c4500000 NTAMS 0x00000000c4500000 space 1024K,   0% used [0x00000000c4500000, 0x00000000c4600000)
AC   0  F    TS     0 PTAMS 0x00000000c4600000 NTAMS 0x00000000c4600000 space 1024K,   0% used [0x00000000c4600000, 0x00000000c4700000)
AC   0  F    TS     0 PTAMS 0x00000000c4700000 NTAMS 0x00000000c4700000 space 1024K,   0% used [0x00000000c4700000, 0x00000000c4800000)
AC   0  F    TS     0 PTAMS 0x00000000c4800000 NTAMS 0x00000000c4800000 space 1024K,   0% used [0x00000000c4800000, 0x00000000c4900000)
AC   0  F    TS     0 PTAMS 0x00000000c4900000 NTAMS 0x00000000c4900000 space 1024K,   0% used [0x00000000c4900000, 0x00000000c4a00000)
AC   0  F    TS     0 PTAMS 0x00000000c4a00000 NTAMS 0x00000000c4a00000 space 1024K,   0% used [0x00000000c4a00000, 0x00000000c4b00000)
AC   0  F    TS     0 PTAMS 0x00000000c4b00000 NTAMS 0x00000000c4b00000 space 1024K,   0% used [0x00000000c4b00000, 0x00000000c4c00000)
AC   0  F    TS     0 PTAMS 0x00000000c4c00000 NTAMS 0x00000000c4c00000 space 1024K,   0% used [0x00000000c4c00000, 0x00000000c4d00000)
AC   0  F    TS     0 PTAMS 0x00000000c4d00000 NTAMS 0x00000000c4d00000 space 1024K,   0% used [0x00000000c4d00000, 0x00000000c4e00000)
AC   0  F    TS     0 PTAMS 0x00000000c4e00000 NTAMS 0x00000000c4e00000 space 1024K,   0% used [0x00000000c4e00000, 0x00000000c4f00000)
AC   0  F    TS     0 PTAMS 0x00000000c4f00000 NTAMS 0x00000000c4f00000 space 1024K,   0% used [0x00000000c4f00000, 0x00000000c5000000)
AC   0  F    TS     0 PTAMS 0x00000000c5000000 NTAMS 0x00000000c5000000 space 1024K,   0% used [0x00000000c5000000, 0x00000000c5100000)
AC   0  F    TS     0 PTAMS 0x00000000c5100000 NTAMS 0x00000000c5100000 space 1024K,   0% used [0x00000000c5100000, 0x00000000c5200000)
AC   0  F    TS     0 PTAMS 0x00000000c5200000 NTAMS 0x00000000c5200000 space 1024K,   0% used [0x00000000c5200000, 0x00000000c5300000)
AC   0  F    TS     0 PTAMS 0x00000000c5300000 NTAMS 0x00000000c5300000 space 1024K,   0% used [0x00000000c5300000, 0x00000000c5400000)
AC   0  F    TS     0 PTAMS 0x00000000c5400000 NTAMS 0x00000000c5400000 space 1024K,   0% used [0x00000000c5400000, 0x00000000c5500000)
AC   0  F    TS     0 PTAMS 0x00000000c5500000 NTAMS 0x00000000c5500000 space 1024K,   0% used [0x00000000c5500000, 0x00000000c5600000)
AC   0  F    TS     0 PTAMS 0x00000000c5600000 NTAMS 0x00000000c5600000 space 1024K,   0% used [0x00000000c5600000, 0x00000000c5700000)
AC   0  F    TS     0 PTAMS 0x00000000c5700000 NTAMS 0x00000000c5700000 space 1024K,   0% used [0x00000000c5700000, 0x00000000c5800000)
AC   0  F    TS     0 PTAMS 0x00000000c5800000 NTAMS 0x00000000c5800000 space 1024K,   0% used [0x00000000c5800000, 0x00000000c5900000)
AC   0  F    TS     0 PTAMS 0x00000000c5900000 NTAMS 0x00000000c5900000 space 1024K,   0% used [0x00000000c5900000, 0x00000000c5a00000)
AC   0  F    TS     0 PTAMS 0x00000000c5a00000 NTAMS 0x00000000c5a00000 space 1024K,   0% used [0x00000000c5a00000, 0x00000000c5b00000)
AC   0  F    TS     0 PTAMS 0x00000000c5b00000 NTAMS 0x00000000c5b00000 space 1024K,   0% used [0x00000000c5b00000, 0x00000000c5c00000)
AC   0  F    TS     0 PTAMS 0x00000000c5c00000 NTAMS 0x00000000c5c00000 space 1024K,   0% used [0x00000000c5c00000, 0x00000000c5d00000)
AC   0  F    TS     0 PTAMS 0x00000000c5d00000 NTAMS 0x00000000c5d00000 space 1024K,   0% used [0x00000000c5d00000, 0x00000000c5e00000)
AC   0  F    TS     0 PTAMS 0x00000000c5e00000 NTAMS 0x00000000c5e00000 space 1024K,   0% used [0x00000000c5e00000, 0x00000000c5f00000)
AC   0  F    TS     0 PTAMS 0x00000000c5f00000 NTAMS 0x00000000c5f00000 space 1024K,   0% used [0x00000000c5f00000, 0x00000000c6000000)
AC   0  F    TS     0 PTAMS 0x00000000c6000000 NTAMS 0x00000000c6000000 space 1024K,   0% used [0x00000000c6000000, 0x00000000c6100000)
AC   0  F    TS     0 PTAMS 0x00000000c6100000 NTAMS 0x00000000c6100000 space 1024K,   0% used [0x00000000c6100000, 0x00000000c6200000)
AC   0  F    TS     0 PTAMS 0x00000000c6200000 NTAMS 0x00000000c6200000 space 1024K,   0% used [0x00000000c6200000, 0x00000000c6300000)
AC   0  F    TS     0 PTAMS 0x00000000c6300000 NTAMS 0x00000000c6300000 space 1024K,   0% used [0x00000000c6300000, 0x00000000c6400000)
AC   0  F    TS     0 PTAMS 0x00000000c6400000 NTAMS 0x00000000c6400000 space 1024K,   0% used [0x00000000c6400000, 0x00000000c6500000)
AC   0  F    TS     0 PTAMS 0x00000000c6500000 NTAMS 0x00000000c6500000 space 1024K,   0% used [0x00000000c6500000, 0x00000000c6600000)
AC   0  F    TS     0 PTAMS 0x00000000c6600000 NTAMS 0x00000000c6600000 space 1024K,   0% used [0x00000000c6600000, 0x00000000c6700000)
AC   0  F    TS     0 PTAMS 0x00000000c6700000 NTAMS 0x00000000c6700000 space 1024K,   0% used [0x00000000c6700000, 0x00000000c6800000)
AC   0  F    TS     0 PTAMS 0x00000000c6800000 NTAMS 0x00000000c6800000 space 1024K,   0% used [0x00000000c6800000, 0x00000000c6900000)
AC   0  F    TS     0 PTAMS 0x00000000c6900000 NTAMS 0x00000000c6900000 space 1024K,   0% used [0x00000000c6900000, 0x00000000c6a00000)
AC   0  F    TS     0 PTAMS 0x00000000c6a00000 NTAMS 0x00000000c6a00000 space 1024K,   0% used [0x00000000c6a00000, 0x00000000c6b00000)
AC   0  F    TS     0 PTAMS 0x00000000c6b00000 NTAMS 0x00000000c6b00000 space 1024K,   0% used [0x00000000c6b00000, 0x00000000c6c00000)
AC   0  F    TS     0 PTAMS 0x00000000c6c00000 NTAMS 0x00000000c6c00000 space 1024K,   0% used [0x00000000c6c00000, 0x00000000c6d00000)
AC   0  S    TS     1 PTAMS 0x00000000c6d00000 NTAMS 0x00000000c6d00000 space 1024K, 100% used [0x00000000c6d00000, 0x00000000c6e00000)
AC   0  S    TS     1 PTAMS 0x00000000c6e00000 NTAMS 0x00000000c6e00000 space 1024K, 100% used [0x00000000c6e00000, 0x00000000c6f00000)
AC   0  E CS TS     0 PTAMS 0x00000000c6f00000 NTAMS 0x00000000c6f00000 space 1024K, 100% used [0x00000000c6f00000, 0x00000000c7000000)
AC   0  E CS TS     0 PTAMS 0x00000000c7000000 NTAMS 0x00000000c7000000 space 1024K, 100% used [0x00000000c7000000, 0x00000000c7100000)
AC   0  E CS TS     0 PTAMS 0x00000000c7100000 NTAMS 0x00000000c7100000 space 1024K, 100% used [0x00000000c7100000, 0x00000000c7200000)
AC   0  E CS TS     0 PTAMS 0x00000000c7200000 NTAMS 0x00000000c7200000 space 1024K, 100% used [0x00000000c7200000, 0x00000000c7300000)
AC   0  E CS TS     0 PTAMS 0x00000000c7300000 NTAMS 0x00000000c7300000 space 1024K, 100% used [0x00000000c7300000, 0x00000000c7400000)
AC   0  E CS TS     0 PTAMS 0x00000000c7400000 NTAMS 0x00000000c7400000 space 1024K, 100% used [0x00000000c7400000, 0x00000000c7500000)
AC   0  E CS TS     0 PTAMS 0x00000000c7500000 NTAMS 0x00000000c7500000 space 1024K, 100% used [0x00000000c7500000, 0x00000000c7600000)
AC   0  E CS TS     0 PTAMS 0x00000000c7600000 NTAMS 0x00000000c7600000 space 1024K, 100% used [0x00000000c7600000, 0x00000000c7700000)
AC   0  E CS TS     0 PTAMS 0x00000000c7700000 NTAMS 0x00000000c7700000 space 1024K, 100% used [0x00000000c7700000, 0x00000000c7800000)

Card table byte_map: [0x00007f2a1aef5000,0x00007f2a1b0f5000] byte_map_base: 0x00007f2a1a8f5000

Marking Bits (Prev, Next): (CMBitMap*) 0x00007f2a4804f298, (CMBitMap*) 0x00007f2a4804f2f0
 Prev Bits: [0x00007f2a19cf5000, 0x00007f2a1acf5000)
 Next Bits: [0x00007f2a18cf5000, 0x00007f2a19cf5000)

Polling page: 0x00007f2a4e87a000

CodeCache: size=245760Kb used=1991Kb max_used=2002Kb free=243768Kb
 bounds [0x00007f2a39000000, 0x00007f2a39270000, 0x00007f2a48000000]
 total_blobs=732 nmethods=435 adapters=211
 compilation: enabled

Compilation events (10 events):
Event: 0,442 Thread 0x00007f2a481ab800 nmethod 433 0x00007f2a391ee750 code [0x00007f2a391ee8a0, 0x00007f2a391ee9b0]
Event: 0,442 Thread 0x00007f2a481ab800  434       3       java.util.LinkedHashMap::get (33 bytes)
Event: 0,442 Thread 0x00007f2a481a7000  435       4       java.lang.ThreadLocal::get (38 bytes)
Event: 0,442 Thread 0x00007f2a481a9800  436       4       java.util.HashMap::putVal (300 bytes)
Event: 0,443 Thread 0x00007f2a481ab800 nmethod 434 0x00007f2a391f18d0 code [0x00007f2a391f1a80, 0x00007f2a391f1f68]
Event: 0,445 Thread 0x00007f2a481a7000 nmethod 435 0x00007f2a391f4ed0 code [0x00007f2a391f5040, 0x00007f2a391f5238]
Event: 0,445 Thread 0x00007f2a481a7000  437       4       java.lang.ThreadLocal$ThreadLocalMap::getEntry (42 bytes)
Event: 0,447 Thread 0x00007f2a481ab800  441       3       java.util.HashMap$HashIterator::<init> (79 bytes)
Event: 0,447 Thread 0x00007f2a481a7000 nmethod 437 0x00007f2a391f5490 code [0x00007f2a391f55e0, 0x00007f2a391f5788]
Event: 0,447 Thread 0x00007f2a481a7000  440       4       java.util.jar.Manifest$FastInputStream::readLine (9 bytes)

GC Heap History (1 events):
Event: 0,447 GC heap before
{Heap before GC invocations=0 (full 0):
 garbage-first heap   total 122880K, used 9216K [0x00000000c0000000, 0x00000000c01003c0, 0x0000000100000000)
  region size 1024K, 9 young (9216K), 0 survivors (0K)
 Metaspace       used 6042K, capacity 6310K, committed 6400K, reserved 1056768K
  class space    used 655K, capacity 746K, committed 768K, reserved 1048576K

Deoptimization events (0 events):
No events

Classes redefined (0 events):
No events

Internal exceptions (10 events):
Event: 0,186 Thread 0x00007f2a4800a000 Exception <a 'java/io/FileNotFoundException'> (0x00000000c7517790) thrown at [/HUDSON/workspace/8-2-build-linux-amd64/jdk8u181/11358/hotspot/src/share/vm/prims/jni.cpp, line 709]
Event: 0,186 Thread 0x00007f2a4800a000 Exception <a 'java/io/FileNotFoundException'> (0x00000000c7518988) thrown at [/HUDSON/workspace/8-2-build-linux-amd64/jdk8u181/11358/hotspot/src/share/vm/prims/jni.cpp, line 709]
Event: 0,186 Thread 0x00007f2a4800a000 Exception <a 'java/io/FileNotFoundException'> (0x00000000c7519bb8) thrown at [/HUDSON/workspace/8-2-build-linux-amd64/jdk8u181/11358/hotspot/src/share/vm/prims/jni.cpp, line 709]
Event: 0,191 Thread 0x00007f2a4800a000 Exception <a 'java/io/FileNotFoundException'> (0x00000000c75362e8) thrown at [/HUDSON/workspace/8-2-build-linux-amd64/jdk8u181/11358/hotspot/src/share/vm/prims/jni.cpp, line 709]
Event: 0,353 Thread 0x00007f2a4800a000 Exception <a 'java/lang/NoSuchFieldError': method resolution failed> (0x00000000c74332d0) thrown at [/HUDSON/workspace/8-2-build-linux-amd64/jdk8u181/11358/hotspot/src/share/vm/prims/methodHandles.cpp, line 1167]
Event: 0,355 Thread 0x00007f2a4800a000 Exception <a 'java/lang/NoSuchFieldError': method resolution failed> (0x00000000c7440a70) thrown at [/HUDSON/workspace/8-2-build-linux-amd64/jdk8u181/11358/hotspot/src/share/vm/prims/methodHandles.cpp, line 1167]
Event: 0,441 Thread 0x00007f2a4800a000 Exception <a 'java/security/PrivilegedActionException'> (0x00000000c6f050d0) thrown at [/HUDSON/workspace/8-2-build-linux-amd64/jdk8u181/11358/hotspot/src/share/vm/prims/jvm.cpp, line 1435]
Event: 0,441 Thread 0x00007f2a4800a000 Exception <a 'java/security/PrivilegedActionException'> (0x00000000c6f052e0) thrown at [/HUDSON/workspace/8-2-build-linux-amd64/jdk8u181/11358/hotspot/src/share/vm/prims/jvm.cpp, line 1435]
Event: 0,441 Thread 0x00007f2a4800a000 Exception <a 'java/security/PrivilegedActionException'> (0x00000000c6f07930) thrown at [/HUDSON/workspace/8-2-build-linux-amd64/jdk8u181/11358/hotspot/src/share/vm/prims/jvm.cpp, line 1435]
Event: 0,441 Thread 0x00007f2a4800a000 Exception <a 'java/security/PrivilegedActionException'> (0x00000000c6f07b40) thrown at [/HUDSON/workspace/8-2-build-linux-amd64/jdk8u181/11358/hotspot/src/share/vm/prims/jvm.cpp, line 1435]

Events (10 events):
Event: 0,440 loading class sun/misc/Launcher$BootClassPathHolder$1 done
Event: 0,441 loading class java/security/PrivilegedActionException
Event: 0,441 loading class java/security/PrivilegedActionException done
Event: 0,441 loading class java/net/URLClassLoader$2
Event: 0,441 loading class java/net/URLClassLoader$2 done
Event: 0,441 loading class sun/net/www/protocol/jar/URLJarFile$URLJarFileEntry
Event: 0,441 loading class sun/net/www/protocol/jar/URLJarFile$URLJarFileEntry done
Event: 0,441 loading class sun/net/www/protocol/jar/JarURLConnection$JarURLInputStream
Event: 0,441 loading class sun/net/www/protocol/jar/JarURLConnection$JarURLInputStream done
Event: 0,447 Executing VM operation: G1IncCollectionPause


Dynamic libraries:
00400000-00401000 r-xp 00000000 08:01 137404                             /usr/lib/jvm/java-8-oracle/bin/java
00600000-00601000 rw-p 00000000 08:01 137404                             /usr/lib/jvm/java-8-oracle/bin/java
01c00000-01c21000 rw-p 00000000 00:00 0                                  [heap]
c0000000-c7800000 rw-p 00000000 00:00 0 
c7800000-100000000 ---p 00000000 00:00 0 
100000000-1000c0000 rw-p 00000000 00:00 0 
1000c0000-140000000 ---p 00000000 00:00 0 
7f29a4000000-7f29a4021000 rw-p 00000000 00:00 0 
7f29a4021000-7f29a8000000 ---p 00000000 00:00 0 
7f29ac000000-7f29ac021000 rw-p 00000000 00:00 0 
7f29ac021000-7f29b0000000 ---p 00000000 00:00 0 
7f29b0000000-7f29b0021000 rw-p 00000000 00:00 0 
7f29b0021000-7f29b4000000 ---p 00000000 00:00 0 
7f29b4000000-7f29b4234000 rw-p 00000000 00:00 0 
7f29b4234000-7f29b8000000 ---p 00000000 00:00 0 
7f29bbcc4000-7f29bbcc7000 ---p 00000000 00:00 0 
7f29bbcc7000-7f29bbcfd000 rw-p 00000000 00:00 0 
7f29bbcfd000-7f29bbcfe000 ---p 00000000 00:00 0 
7f29bbcfe000-7f29bbdfe000 rw-p 00000000 00:00 0 
7f29bbdfe000-7f29bbe01000 ---p 00000000 00:00 0 
7f29bbe01000-7f29bbeff000 rw-p 00000000 00:00 0 
7f29bbeff000-7f29bbf00000 ---p 00000000 00:00 0 
7f29bbf00000-7f29bbf03000 ---p 00000000 00:00 0 
7f29bbf03000-7f29bc000000 rw-p 00000000 00:00 0 
7f29bc000000-7f29bc14b000 rw-p 00000000 00:00 0 
7f29bc14b000-7f29c0000000 ---p 00000000 00:00 0 
7f29c0000000-7f29c00e7000 rw-p 00000000 00:00 0 
7f29c00e7000-7f29c4000000 ---p 00000000 00:00 0 
7f29c4000000-7f29c4021000 rw-p 00000000 00:00 0 
7f29c4021000-7f29c8000000 ---p 00000000 00:00 0 
7f29c8000000-7f29c830e000 rw-p 00000000 00:00 0 
7f29c830e000-7f29cc000000 ---p 00000000 00:00 0 
7f29cc000000-7f29cc021000 rw-p 00000000 00:00 0 
7f29cc021000-7f29d0000000 ---p 00000000 00:00 0 
7f29d0000000-7f29d0021000 rw-p 00000000 00:00 0 
7f29d0021000-7f29d4000000 ---p 00000000 00:00 0 
7f29d4000000-7f29d4021000 rw-p 00000000 00:00 0 
7f29d4021000-7f29d8000000 ---p 00000000 00:00 0 
7f29d8000000-7f29d8021000 rw-p 00000000 00:00 0 
7f29d8021000-7f29dc000000 ---p 00000000 00:00 0 
7f29dc000000-7f29dc021000 rw-p 00000000 00:00 0 
7f29dc021000-7f29e0000000 ---p 00000000 00:00 0 
7f29e0000000-7f29e0021000 rw-p 00000000 00:00 0 
7f29e0021000-7f29e4000000 ---p 00000000 00:00 0 
7f29e4000000-7f29e4021000 rw-p 00000000 00:00 0 
7f29e4021000-7f29e8000000 ---p 00000000 00:00 0 
7f29e8000000-7f29e8021000 rw-p 00000000 00:00 0 
7f29e8021000-7f29ec000000 ---p 00000000 00:00 0 
7f29ec000000-7f29ec021000 rw-p 00000000 00:00 0 
7f29ec021000-7f29f0000000 ---p 00000000 00:00 0 
7f29f0000000-7f29f0021000 rw-p 00000000 00:00 0 
7f29f0021000-7f29f4000000 ---p 00000000 00:00 0 
7f29f4000000-7f29f4021000 rw-p 00000000 00:00 0 
7f29f4021000-7f29f8000000 ---p 00000000 00:00 0 
7f29f8000000-7f29f8021000 rw-p 00000000 00:00 0 
7f29f8021000-7f29fc000000 ---p 00000000 00:00 0 
7f29fc000000-7f29fc021000 rw-p 00000000 00:00 0 
7f29fc021000-7f2a00000000 ---p 00000000 00:00 0 
7f2a00000000-7f2a00021000 rw-p 00000000 00:00 0 
7f2a00021000-7f2a04000000 ---p 00000000 00:00 0 
7f2a04000000-7f2a04021000 rw-p 00000000 00:00 0 
7f2a04021000-7f2a08000000 ---p 00000000 00:00 0 
7f2a08000000-7f2a08021000 rw-p 00000000 00:00 0 
7f2a08021000-7f2a0c000000 ---p 00000000 00:00 0 
7f2a0c000000-7f2a0c021000 rw-p 00000000 00:00 0 
7f2a0c021000-7f2a10000000 ---p 00000000 00:00 0 
7f2a1002c000-7f2a1002d000 ---p 00000000 00:00 0 
7f2a1002d000-7f2a10030000 ---p 00000000 00:00 0 
7f2a10030000-7f2a1012d000 rw-p 00000000 00:00 0 
7f2a1012d000-7f2a1012e000 ---p 00000000 00:00 0 
7f2a1012e000-7f2a10131000 ---p 00000000 00:00 0 
7f2a10131000-7f2a1022e000 rw-p 00000000 00:00 0 
7f2a1022e000-7f2a1022f000 ---p 00000000 00:00 0 
7f2a1022f000-7f2a10232000 ---p 00000000 00:00 0 
7f2a10232000-7f2a1032f000 rw-p 00000000 00:00 0 
7f2a1032f000-7f2a10332000 ---p 00000000 00:00 0 
7f2a10332000-7f2a10430000 rw-p 00000000 00:00 0 
7f2a10430000-7f2a10433000 ---p 00000000 00:00 0 
7f2a10433000-7f2a10531000 rw-p 00000000 00:00 0 
7f2a10531000-7f2a10f00000 r--p 00000000 08:01 7346829                    /usr/lib/locale/locale-archive
7f2a10f00000-7f2a10f03000 ---p 00000000 00:00 0 
7f2a10f03000-7f2a11001000 rw-p 00000000 00:00 0 
7f2a11001000-7f2a11004000 ---p 00000000 00:00 0 
7f2a11004000-7f2a11102000 rw-p 00000000 00:00 0 
7f2a11102000-7f2a11103000 ---p 00000000 00:00 0 
7f2a11103000-7f2a11252000 rw-p 00000000 00:00 0 
7f2a11252000-7f2a1142c000 r--s 03d6b000 08:01 138974                     /usr/lib/jvm/java-8-oracle/jre/lib/rt.jar
7f2a1142c000-7f2a11a7d000 rw-p 00000000 00:00 0 
7f2a11a7d000-7f2a11cfd000 ---p 00000000 00:00 0 
7f2a11cfd000-7f2a13dfe000 rw-p 00000000 00:00 0 
7f2a13dfe000-7f2a13dff000 ---p 00000000 00:00 0 
7f2a13dff000-7f2a14000000 rw-p 00000000 00:00 0 
7f2a14000000-7f2a14021000 rw-p 00000000 00:00 0 
7f2a14021000-7f2a18000000 ---p 00000000 00:00 0 
7f2a18023000-7f2a189f2000 rw-p 00000000 00:00 0 
7f2a189f2000-7f2a189f3000 ---p 00000000 00:00 0 
7f2a189f3000-7f2a18af3000 rw-p 00000000 00:00 0 
7f2a18af3000-7f2a18af4000 ---p 00000000 00:00 0 
7f2a18af4000-7f2a18bf4000 rw-p 00000000 00:00 0 
7f2a18bf4000-7f2a18bf5000 ---p 00000000 00:00 0 
7f2a18bf5000-7f2a18ed5000 rw-p 00000000 00:00 0 
7f2a18ed5000-7f2a19cf5000 ---p 00000000 00:00 0 
7f2a19cf5000-7f2a19ed5000 rw-p 00000000 00:00 0 
7f2a19ed5000-7f2a1acf5000 ---p 00000000 00:00 0 
7f2a1acf5000-7f2a1ad31000 rw-p 00000000 00:00 0 
7f2a1ad31000-7f2a1aef5000 ---p 00000000 00:00 0 
7f2a1aef5000-7f2a1af31000 rw-p 00000000 00:00 0 
7f2a1af31000-7f2a1b2f5000 ---p 00000000 00:00 0 
7f2a1b2f5000-7f2a1b331000 rw-p 00000000 00:00 0 
7f2a1b331000-7f2a1b4f5000 ---p 00000000 00:00 0 
7f2a1b4f5000-7f2a1b4f6000 ---p 00000000 00:00 0 
7f2a1b4f6000-7f2a1b5f6000 rw-p 00000000 00:00 0 
7f2a1b5f6000-7f2a1b5f7000 ---p 00000000 00:00 0 
7f2a1b5f7000-7f2a1b6f7000 rw-p 00000000 00:00 0 
7f2a1b6f7000-7f2a1b6f8000 ---p 00000000 00:00 0 
7f2a1b6f8000-7f2a1b7f8000 rw-p 00000000 00:00 0 
7f2a1b7f8000-7f2a1b7f9000 ---p 00000000 00:00 0 
7f2a1b7f9000-7f2a1b8f9000 rw-p 00000000 00:00 0 
7f2a1b8f9000-7f2a1b8fa000 ---p 00000000 00:00 0 
7f2a1b8fa000-7f2a1b9fa000 rw-p 00000000 00:00 0 
7f2a1b9fa000-7f2a1b9fb000 ---p 00000000 00:00 0 
7f2a1b9fb000-7f2a1bafb000 rw-p 00000000 00:00 0 
7f2a1bafb000-7f2a1bafc000 ---p 00000000 00:00 0 
7f2a1bafc000-7f2a1bbfc000 rw-p 00000000 00:00 0 
7f2a1bbfc000-7f2a1bbfd000 ---p 00000000 00:00 0 
7f2a1bbfd000-7f2a1bcfd000 rw-p 00000000 00:00 0 
7f2a1bcfd000-7f2a1bcfe000 ---p 00000000 00:00 0 
7f2a1bcfe000-7f2a1c000000 rw-p 00000000 00:00 0 
7f2a1c000000-7f2a1c021000 rw-p 00000000 00:00 0 
7f2a1c021000-7f2a20000000 ---p 00000000 00:00 0 
7f2a20000000-7f2a20291000 rw-p 00000000 00:00 0 
7f2a20291000-7f2a24000000 ---p 00000000 00:00 0 
7f2a24000000-7f2a24021000 rw-p 00000000 00:00 0 
7f2a24021000-7f2a28000000 ---p 00000000 00:00 0 
7f2a28000000-7f2a28021000 rw-p 00000000 00:00 0 
7f2a28021000-7f2a2c000000 ---p 00000000 00:00 0 
7f2a2c000000-7f2a2c021000 rw-p 00000000 00:00 0 
7f2a2c021000-7f2a30000000 ---p 00000000 00:00 0 
7f2a30000000-7f2a30021000 rw-p 00000000 00:00 0 
7f2a30021000-7f2a34000000 ---p 00000000 00:00 0 
7f2a34000000-7f2a34021000 rw-p 00000000 00:00 0 
7f2a34021000-7f2a38000000 ---p 00000000 00:00 0 
7f2a38034000-7f2a38438000 rw-p 00000000 00:00 0 
7f2a38438000-7f2a38439000 ---p 00000000 00:00 0 
7f2a38439000-7f2a38539000 rw-p 00000000 00:00 0 
7f2a38539000-7f2a3853a000 ---p 00000000 00:00 0 
7f2a3853a000-7f2a3863a000 rw-p 00000000 00:00 0 
7f2a3863a000-7f2a3863b000 ---p 00000000 00:00 0 
7f2a3863b000-7f2a3873b000 rw-p 00000000 00:00 0 
7f2a3873b000-7f2a3873c000 ---p 00000000 00:00 0 
7f2a3873c000-7f2a3883c000 rw-p 00000000 00:00 0 
7f2a3883c000-7f2a3883d000 ---p 00000000 00:00 0 
7f2a3883d000-7f2a3893d000 rw-p 00000000 00:00 0 
7f2a3893d000-7f2a3893e000 ---p 00000000 00:00 0 
7f2a3893e000-7f2a38a3e000 rw-p 00000000 00:00 0 
7f2a38a3e000-7f2a38a3f000 ---p 00000000 00:00 0 
7f2a38a3f000-7f2a38b3f000 rw-p 00000000 00:00 0 
7f2a38b3f000-7f2a38b40000 ---p 00000000 00:00 0 
7f2a38b40000-7f2a38c4a000 rw-p 00000000 00:00 0 
7f2a38c4a000-7f2a39000000 ---p 00000000 00:00 0 
7f2a39000000-7f2a39270000 rwxp 00000000 00:00 0 
7f2a39270000-7f2a48000000 ---p 00000000 00:00 0 
7f2a48000000-7f2a4858f000 rw-p 00000000 00:00 0 
7f2a4858f000-7f2a4c000000 ---p 00000000 00:00 0 
7f2a4c018000-7f2a4c02e000 r--s 0014a000 00:35 9328263                    /home/gabrielga/.vscode/extensions/redhat.java-0.30.0/server/plugins/org.eclipse.osgi_3.13.100.v20180827-1536.jar
7f2a4c02e000-7f2a4c049000 r-xp 00000000 08:01 139186                     /usr/lib/jvm/java-8-oracle/jre/lib/amd64/libzip.so
7f2a4c049000-7f2a4c249000 ---p 0001b000 08:01 139186                     /usr/lib/jvm/java-8-oracle/jre/lib/amd64/libzip.so
7f2a4c249000-7f2a4c24a000 rw-p 0001b000 08:01 139186                     /usr/lib/jvm/java-8-oracle/jre/lib/amd64/libzip.so
7f2a4c24a000-7f2a4c275000 r-xp 00000000 08:01 139180                     /usr/lib/jvm/java-8-oracle/jre/lib/amd64/libjava.so
7f2a4c275000-7f2a4c474000 ---p 0002b000 08:01 139180                     /usr/lib/jvm/java-8-oracle/jre/lib/amd64/libjava.so
7f2a4c474000-7f2a4c476000 rw-p 0002a000 08:01 139180                     /usr/lib/jvm/java-8-oracle/jre/lib/amd64/libjava.so
7f2a4c476000-7f2a4c483000 r-xp 00000000 08:01 139185                     /usr/lib/jvm/java-8-oracle/jre/lib/amd64/libverify.so
7f2a4c483000-7f2a4c683000 ---p 0000d000 08:01 139185                     /usr/lib/jvm/java-8-oracle/jre/lib/amd64/libverify.so
7f2a4c683000-7f2a4c685000 rw-p 0000d000 08:01 139185                     /usr/lib/jvm/java-8-oracle/jre/lib/amd64/libverify.so
7f2a4c685000-7f2a4c68c000 r-xp 00000000 08:01 166647                     /lib/x86_64-linux-gnu/librt-2.27.so
7f2a4c68c000-7f2a4c88b000 ---p 00007000 08:01 166647                     /lib/x86_64-linux-gnu/librt-2.27.so
7f2a4c88b000-7f2a4c88c000 r--p 00006000 08:01 166647                     /lib/x86_64-linux-gnu/librt-2.27.so
7f2a4c88c000-7f2a4c88d000 rw-p 00007000 08:01 166647                     /lib/x86_64-linux-gnu/librt-2.27.so
7f2a4c88d000-7f2a4ca2a000 r-xp 00000000 08:01 166569                     /lib/x86_64-linux-gnu/libm-2.27.so
7f2a4ca2a000-7f2a4cc29000 ---p 0019d000 08:01 166569                     /lib/x86_64-linux-gnu/libm-2.27.so
7f2a4cc29000-7f2a4cc2a000 r--p 0019c000 08:01 166569                     /lib/x86_64-linux-gnu/libm-2.27.so
7f2a4cc2a000-7f2a4cc2b000 rw-p 0019d000 08:01 166569                     /lib/x86_64-linux-gnu/libm-2.27.so
7f2a4cc2b000-7f2a4d907000 r-xp 00000000 08:01 139162                     /usr/lib/jvm/java-8-oracle/jre/lib/amd64/server/libjvm.so
7f2a4d907000-7f2a4db07000 ---p 00cdc000 08:01 139162                     /usr/lib/jvm/java-8-oracle/jre/lib/amd64/server/libjvm.so
7f2a4db07000-7f2a4dbe1000 rw-p 00cdc000 08:01 139162                     /usr/lib/jvm/java-8-oracle/jre/lib/amd64/server/libjvm.so
7f2a4dbe1000-7f2a4dc2c000 rw-p 00000000 00:00 0 
7f2a4dc2c000-7f2a4de13000 r-xp 00000000 08:01 166506                     /lib/x86_64-linux-gnu/libc-2.27.so
7f2a4de13000-7f2a4e013000 ---p 001e7000 08:01 166506                     /lib/x86_64-linux-gnu/libc-2.27.so
7f2a4e013000-7f2a4e017000 r--p 001e7000 08:01 166506                     /lib/x86_64-linux-gnu/libc-2.27.so
7f2a4e017000-7f2a4e019000 rw-p 001eb000 08:01 166506                     /lib/x86_64-linux-gnu/libc-2.27.so
7f2a4e019000-7f2a4e01d000 rw-p 00000000 00:00 0 
7f2a4e01d000-7f2a4e020000 r-xp 00000000 08:01 166529                     /lib/x86_64-linux-gnu/libdl-2.27.so
7f2a4e020000-7f2a4e21f000 ---p 00003000 08:01 166529                     /lib/x86_64-linux-gnu/libdl-2.27.so
7f2a4e21f000-7f2a4e220000 r--p 00002000 08:01 166529                     /lib/x86_64-linux-gnu/libdl-2.27.so
7f2a4e220000-7f2a4e221000 rw-p 00003000 08:01 166529                     /lib/x86_64-linux-gnu/libdl-2.27.so
7f2a4e221000-7f2a4e237000 r-xp 00000000 08:01 138841                     /usr/lib/jvm/java-8-oracle/lib/amd64/jli/libjli.so
7f2a4e237000-7f2a4e436000 ---p 00016000 08:01 138841                     /usr/lib/jvm/java-8-oracle/lib/amd64/jli/libjli.so
7f2a4e436000-7f2a4e437000 rw-p 00015000 08:01 138841                     /usr/lib/jvm/java-8-oracle/lib/amd64/jli/libjli.so
7f2a4e437000-7f2a4e451000 r-xp 00000000 08:01 166639                     /lib/x86_64-linux-gnu/libpthread-2.27.so
7f2a4e451000-7f2a4e650000 ---p 0001a000 08:01 166639                     /lib/x86_64-linux-gnu/libpthread-2.27.so
7f2a4e650000-7f2a4e651000 r--p 00019000 08:01 166639                     /lib/x86_64-linux-gnu/libpthread-2.27.so
7f2a4e651000-7f2a4e652000 rw-p 0001a000 08:01 166639                     /lib/x86_64-linux-gnu/libpthread-2.27.so
7f2a4e652000-7f2a4e656000 rw-p 00000000 00:00 0 
7f2a4e656000-7f2a4e67d000 r-xp 00000000 08:01 166478                     /lib/x86_64-linux-gnu/ld-2.27.so
7f2a4e67d000-7f2a4e6a3000 r--p 00000000 08:01 62287                      /usr/share/locale-langpack/pt_BR/LC_MESSAGES/libc.mo
7f2a4e6a3000-7f2a4e725000 rw-p 00000000 00:00 0 
7f2a4e725000-7f2a4e75a000 r--s 00000000 08:01 161142                     /var/cache/nscd/passwd
7f2a4e75a000-7f2a4e75b000 ---p 00000000 00:00 0 
7f2a4e75b000-7f2a4e75e000 ---p 00000000 00:00 0 
7f2a4e75e000-7f2a4e85d000 rw-p 00000000 00:00 0 
7f2a4e85e000-7f2a4e860000 r--s 0003a000 00:35 9328264                    /home/gabrielga/.vscode/extensions/redhat.java-0.30.0/server/plugins/org.eclipse.osgi.compatibility.state_1.1.200.v20180827-1536.jar
7f2a4e860000-7f2a4e867000 r--s 00000000 08:01 7605523                    /usr/lib/x86_64-linux-gnu/gconv/gconv-modules.cache
7f2a4e867000-7f2a4e86a000 r--s 0001a000 08:01 139206                     /usr/lib/jvm/java-8-oracle/jre/lib/jce.jar
7f2a4e86a000-7f2a4e86f000 r--s 0009d000 08:01 139031                     /usr/lib/jvm/java-8-oracle/jre/lib/jsse.jar
7f2a4e86f000-7f2a4e871000 r--s 0000c000 00:35 9328225                    /home/gabrielga/.vscode/extensions/redhat.java-0.30.0/server/plugins/org.eclipse.equinox.launcher_1.5.100.v20180827-1352.jar
7f2a4e871000-7f2a4e879000 rw-s 00000000 08:01 9306352                    /tmp/hsperfdata_gabrielga/11282
7f2a4e879000-7f2a4e87a000 rw-p 00000000 00:00 0 
7f2a4e87a000-7f2a4e87b000 ---p 00000000 00:00 0 
7f2a4e87b000-7f2a4e87d000 rw-p 00000000 00:00 0 
7f2a4e87d000-7f2a4e87e000 r--p 00027000 08:01 166478                     /lib/x86_64-linux-gnu/ld-2.27.so
7f2a4e87e000-7f2a4e87f000 rw-p 00028000 08:01 166478                     /lib/x86_64-linux-gnu/ld-2.27.so
7f2a4e87f000-7f2a4e880000 rw-p 00000000 00:00 0 
7ffefd022000-7ffefd043000 rw-p 00000000 00:00 0                          [stack]
7ffefd128000-7ffefd12b000 r--p 00000000 00:00 0                          [vvar]
7ffefd12b000-7ffefd12d000 r-xp 00000000 00:00 0                          [vdso]
ffffffffff600000-ffffffffff601000 r-xp 00000000 00:00 0                  [vsyscall]

VM Arguments:
jvm_args: -Declipse.application=org.eclipse.jdt.ls.core.id1 -Dosgi.bundles.defaultStartLevel=4 -Declipse.product=org.eclipse.jdt.ls.core.product -Xverify:none -Xmx1G -XX:+UseG1GC -XX:+UseStringDeduplication 
java_command: /home/gabrielga/.vscode/extensions/redhat.java-0.30.0/server/plugins/org.eclipse.equinox.launcher_1.5.100.v20180827-1352.jar -configuration /home/gabrielga/.vscode/extensions/redhat.java-0.30.0/server/config_linux -data /home/gabrielga/.config/Code/User/workspaceStorage/4cdb034ebac51659f4f0459f112851ed/redhat.java/jdt_ws
java_class_path (initial): /home/gabrielga/.vscode/extensions/redhat.java-0.30.0/server/plugins/org.eclipse.equinox.launcher_1.5.100.v20180827-1352.jar
Launcher Type: SUN_STANDARD

Environment Variables:
JAVA_HOME=/usr/lib/jvm/java-8-oracle
PATH=/home/gabrielga/.tst/bin:/u01/app/oracle/product/11.2.0/xe/bin:/usr/local/sbin:/usr/local/bin:/usr/sbin:/usr/bin:/sbin:/bin:/usr/games:/usr/local/games:/snap/bin:/usr/lib/jvm/java-8-oracle/bin:/usr/lib/jvm/java-8-oracle/db/bin:/usr/lib/jvm/java-8-oracle/jre/bin:/opt/puppetlabs/bin:/home/gabrielga/.local/bin:/home/gabrielga/.local/bin:/home/gabrielga/.local/bin
USERNAME=gabrielga
LD_LIBRARY_PATH=/u01/app/oracle/product/11.2.0/xe/lib
SHELL=/bin/bash
DISPLAY=:0

Signal Handlers:
SIGSEGV: [libjvm.so+0xad2a40], sa_mask[0]=11111111011111111101111111111110, sa_flags=SA_RESTART|SA_SIGINFO
SIGBUS: [libjvm.so+0xad2a40], sa_mask[0]=11111111011111111101111111111110, sa_flags=SA_RESTART|SA_SIGINFO
SIGFPE: [libjvm.so+0x92a610], sa_mask[0]=11111111011111111101111111111110, sa_flags=SA_RESTART|SA_SIGINFO
SIGPIPE: [libjvm.so+0x92a610], sa_mask[0]=11111111011111111101111111111110, sa_flags=SA_RESTART|SA_SIGINFO
SIGXFSZ: [libjvm.so+0x92a610], sa_mask[0]=11111111011111111101111111111110, sa_flags=SA_RESTART|SA_SIGINFO
SIGILL: [libjvm.so+0x92a610], sa_mask[0]=11111111011111111101111111111110, sa_flags=SA_RESTART|SA_SIGINFO
SIGUSR1: SIG_DFL, sa_mask[0]=00000000000000000000000000000000, sa_flags=none
SIGUSR2: [libjvm.so+0x92be70], sa_mask[0]=00000000000000000000000000000000, sa_flags=SA_RESTART|SA_SIGINFO
SIGHUP: [libjvm.so+0x92d270], sa_mask[0]=11111111011111111101111111111110, sa_flags=SA_RESTART|SA_SIGINFO
SIGINT: [libjvm.so+0x92d270], sa_mask[0]=11111111011111111101111111111110, sa_flags=SA_RESTART|SA_SIGINFO
SIGTERM: [libjvm.so+0x92d270], sa_mask[0]=11111111011111111101111111111110, sa_flags=SA_RESTART|SA_SIGINFO
SIGQUIT: [libjvm.so+0x92d270], sa_mask[0]=11111111011111111101111111111110, sa_flags=SA_RESTART|SA_SIGINFO


---------------  S Y S T E M  ---------------

OS:DISTRIB_ID=Ubuntu
DISTRIB_RELEASE=18.04
DISTRIB_CODENAME=bionic
DISTRIB_DESCRIPTION="Ubuntu 18.04.1 LTS"

uname:Linux 4.15.0-50-generic #54-Ubuntu SMP Mon May 6 18:46:08 UTC 2019 x86_64
libc:glibc 2.27 NPTL 2.27 
rlimit: STACK 8192k, CORE 0k, NPROC 30418, NOFILE 1048576, AS infinity
load average:4,63 2,42 2,39

/proc/meminfo:
MemTotal:        7850688 kB
MemFree:          807644 kB
MemAvailable:    5267280 kB
Buffers:          308744 kB
Cached:          4780656 kB
SwapCached:            0 kB
Active:          2852616 kB
Inactive:        3670384 kB
Active(anon):    1466360 kB
Inactive(anon):   514196 kB
Active(file):    1386256 kB
Inactive(file):  3156188 kB
Unevictable:          16 kB
Mlocked:              16 kB
SwapTotal:       2097148 kB
SwapFree:        2097148 kB
Dirty:               964 kB
Writeback:             0 kB
AnonPages:       1433856 kB
Mapped:           524532 kB
Shmem:            553576 kB
Slab:             367516 kB
SReclaimable:     221348 kB
SUnreclaim:       146168 kB
KernelStack:       13992 kB
PageTables:        59092 kB
NFS_Unstable:          0 kB
Bounce:                0 kB
WritebackTmp:          0 kB
CommitLimit:     6022492 kB
Committed_AS:    7828180 kB
VmallocTotal:   34359738367 kB
VmallocUsed:           0 kB
VmallocChunk:          0 kB
HardwareCorrupted:     0 kB
AnonHugePages:         0 kB
ShmemHugePages:        0 kB
ShmemPmdMapped:        0 kB
CmaTotal:              0 kB
CmaFree:               0 kB
HugePages_Total:       0
HugePages_Free:        0
HugePages_Rsvd:        0
HugePages_Surp:        0
Hugepagesize:       2048 kB
DirectMap4k:      359324 kB
DirectMap2M:     7708672 kB


CPU:total 8 (initial active 8) (4 cores per cpu, 2 threads per core) family 6 model 42 stepping 7, cmov, cx8, fxsr, mmx, sse, sse2, sse3, ssse3, sse4.1, sse4.2, popcnt, avx, aes, clmul, ht, tsc, tscinvbit

/proc/cpuinfo:
processor	: 0
vendor_id	: GenuineIntel
cpu family	: 6
model		: 42
model name	: Intel(R) Core(TM) i7-2600 CPU @ 3.40GHz
stepping	: 7
microcode	: 0x2f
cpu MHz		: 3387.678
cache size	: 8192 KB
physical id	: 0
siblings	: 8
core id		: 0
cpu cores	: 4
apicid		: 0
initial apicid	: 0
fpu		: yes
fpu_exception	: yes
cpuid level	: 13
wp		: yes
flags		: fpu vme de pse tsc msr pae mce cx8 apic sep mtrr pge mca cmov pat pse36 clflush dts acpi mmx fxsr sse sse2 ss ht tm pbe syscall nx rdtscp lm constant_tsc arch_perfmon pebs bts nopl xtopology nonstop_tsc cpuid aperfmperf pni pclmulqdq dtes64 ds_cpl vmx smx est tm2 ssse3 cx16 xtpr pdcm pcid sse4_1 sse4_2 x2apic popcnt tsc_deadline_timer aes xsave avx lahf_lm epb pti ssbd ibrs ibpb stibp tpr_shadow vnmi flexpriority ept vpid xsaveopt dtherm ida arat pln pts md_clear flush_l1d
bugs		: cpu_meltdown spectre_v1 spectre_v2 spec_store_bypass l1tf mds
bogomips	: 6784.20
clflush size	: 64
cache_alignment	: 64
address sizes	: 36 bits physical, 48 bits virtual
power management:

processor	: 1
vendor_id	: GenuineIntel
cpu family	: 6
model		: 42
model name	: Intel(R) Core(TM) i7-2600 CPU @ 3.40GHz
stepping	: 7
microcode	: 0x2f
cpu MHz		: 3586.033
cache size	: 8192 KB
physical id	: 0
siblings	: 8
core id		: 1
cpu cores	: 4
apicid		: 2
initial apicid	: 2
fpu		: yes
fpu_exception	: yes
cpuid level	: 13
wp		: yes
flags		: fpu vme de pse tsc msr pae mce cx8 apic sep mtrr pge mca cmov pat pse36 clflush dts acpi mmx fxsr sse sse2 ss ht tm pbe syscall nx rdtscp lm constant_tsc arch_perfmon pebs bts nopl xtopology nonstop_tsc cpuid aperfmperf pni pclmulqdq dtes64 monitor ds_cpl vmx smx est tm2 ssse3 cx16 xtpr pdcm pcid sse4_1 sse4_2 x2apic popcnt tsc_deadline_timer aes xsave avx lahf_lm epb pti ssbd ibrs ibpb stibp tpr_shadow vnmi flexpriority ept vpid xsaveopt dtherm ida arat pln pts md_clear flush_l1d
bugs		: cpu_meltdown spectre_v1 spectre_v2 spec_store_bypass l1tf mds
bogomips	: 6784.20
clflush size	: 64
cache_alignment	: 64
address sizes	: 36 bits physical, 48 bits virtual
power management:

processor	: 2
vendor_id	: GenuineIntel
cpu family	: 6
model		: 42
model name	: Intel(R) Core(TM) i7-2600 CPU @ 3.40GHz
stepping	: 7
microcode	: 0x2f
cpu MHz		: 3498.423
cache size	: 8192 KB
physical id	: 0
siblings	: 8
core id		: 2
cpu cores	: 4
apicid		: 4
initial apicid	: 4
fpu		: yes
fpu_exception	: yes
cpuid level	: 13
wp		: yes
flags		: fpu vme de pse tsc msr pae mce cx8 apic sep mtrr pge mca cmov pat pse36 clflush dts acpi mmx fxsr sse sse2 ss ht tm pbe syscall nx rdtscp lm constant_tsc arch_perfmon pebs bts nopl xtopology nonstop_tsc cpuid aperfmperf pni pclmulqdq dtes64 monitor ds_cpl vmx smx est tm2 ssse3 cx16 xtpr pdcm pcid sse4_1 sse4_2 x2apic popcnt tsc_deadline_timer aes xsave avx lahf_lm epb pti ssbd ibrs ibpb stibp tpr_shadow vnmi flexpriority ept vpid xsaveopt dtherm ida arat pln pts md_clear flush_l1d
bugs		: cpu_meltdown spectre_v1 spectre_v2 spec_store_bypass l1tf mds
bogomips	: 6784.20
clflush size	: 64
cache_alignment	: 64
address sizes	: 36 bits physical, 48 bits virtual
power management:

processor	: 3
vendor_id	: GenuineIntel
cpu family	: 6
model		: 42
model name	: Intel(R) Core(TM) i7-2600 CPU @ 3.40GHz
stepping	: 7
microcode	: 0x2f
cpu MHz		: 3521.720
cache size	: 8192 KB
physical id	: 0
siblings	: 8
core id		: 3
cpu cores	: 4
apicid		: 6
initial apicid	: 6
fpu		: yes
fpu_exception	: yes
cpuid level	: 13
wp		: yes
flags		: fpu vme de pse tsc msr pae mce cx8 apic sep mtrr pge mca cmov pat pse36 clflush dts acpi mmx fxsr sse sse2 ss ht tm pbe syscall nx rdtscp lm constant_tsc arch_perfmon pebs bts nopl xtopology nonstop_tsc cpuid aperfmperf pni pclmulqdq dtes64 monitor ds_cpl vmx smx est tm2 ssse3 cx16 xtpr pdcm pcid sse4_1 sse4_2 x2apic popcnt tsc_deadline_timer aes xsave avx lahf_lm epb pti ssbd ibrs ibpb stibp tpr_shadow vnmi flexpriority ept vpid xsaveopt dtherm ida arat pln pts md_clear flush_l1d
bugs		: cpu_meltdown spectre_v1 spectre_v2 spec_store_bypass l1tf mds
bogomips	: 6784.20
clflush size	: 64
cache_alignment	: 64
address sizes	: 36 bits physical, 48 bits virtual
power management:

processor	: 4
vendor_id	: GenuineIntel
cpu family	: 6
model		: 42
model name	: Intel(R) Core(TM) i7-2600 CPU @ 3.40GHz
stepping	: 7
microcode	: 0x2f
cpu MHz		: 3541.676
cache size	: 8192 KB
physical id	: 0
siblings	: 8
core id		: 0
cpu cores	: 4
apicid		: 1
initial apicid	: 1
fpu		: yes
fpu_exception	: yes
cpuid level	: 13
wp		: yes
flags		: fpu vme de pse tsc msr pae mce cx8 apic sep mtrr pge mca cmov pat pse36 clflush dts acpi mmx fxsr sse sse2 ss ht tm pbe syscall nx rdtscp lm constant_tsc arch_perfmon pebs bts nopl xtopology nonstop_tsc cpuid aperfmperf pni pclmulqdq dtes64 monitor ds_cpl vmx smx est tm2 ssse3 cx16 xtpr pdcm pcid sse4_1 sse4_2 x2apic popcnt tsc_deadline_timer aes xsave avx lahf_lm epb pti ssbd ibrs ibpb stibp tpr_shadow vnmi flexpriority ept vpid xsaveopt dtherm ida arat pln pts md_clear flush_l1d
bugs		: cpu_meltdown spectre_v1 spectre_v2 spec_store_bypass l1tf mds
bogomips	: 6784.20
clflush size	: 64
cache_alignment	: 64
address sizes	: 36 bits physical, 48 bits virtual
power management:

processor	: 5
vendor_id	: GenuineIntel
cpu family	: 6
model		: 42
model name	: Intel(R) Core(TM) i7-2600 CPU @ 3.40GHz
stepping	: 7
microcode	: 0x2f
cpu MHz		: 3553.079
cache size	: 8192 KB
physical id	: 0
siblings	: 8
core id		: 1
cpu cores	: 4
apicid		: 3
initial apicid	: 3
fpu		: yes
fpu_exception	: yes
cpuid level	: 13
wp		: yes
flags		: fpu vme de pse tsc msr pae mce cx8 apic sep mtrr pge mca cmov pat pse36 clflush dts acpi mmx fxsr sse sse2 ss ht tm pbe syscall nx rdtscp lm constant_tsc arch_perfmon pebs bts nopl xtopology nonstop_tsc cpuid aperfmperf pni pclmulqdq dtes64 monitor ds_cpl vmx smx est tm2 ssse3 cx16 xtpr pdcm pcid sse4_1 sse4_2 x2apic popcnt tsc_deadline_timer aes xsave avx lahf_lm epb pti ssbd ibrs ibpb stibp tpr_shadow vnmi flexpriority ept vpid xsaveopt dtherm ida arat pln pts md_clear flush_l1d
bugs		: cpu_meltdown spectre_v1 spectre_v2 spec_store_bypass l1tf mds
bogomips	: 6784.20
clflush size	: 64
cache_alignment	: 64
address sizes	: 36 bits physical, 48 bits virtual
power management:

processor	: 6
vendor_id	: GenuineIntel
cpu family	: 6
model		: 42
model name	: Intel(R) Core(TM) i7-2600 CPU @ 3.40GHz
stepping	: 7
microcode	: 0x2f
cpu MHz		: 3487.915
cache size	: 8192 KB
physical id	: 0
siblings	: 8
core id		: 2
cpu cores	: 4
apicid		: 5
initial apicid	: 5
fpu		: yes
fpu_exception	: yes
cpuid level	: 13
wp		: yes
flags		: fpu vme de pse tsc msr pae mce cx8 apic sep mtrr pge mca cmov pat pse36 clflush dts acpi mmx fxsr sse sse2 ss ht tm pbe syscall nx rdtscp lm constant_tsc arch_perfmon pebs bts nopl xtopology nonstop_tsc cpuid aperfmperf pni pclmulqdq dtes64 monitor ds_cpl vmx smx est tm2 ssse3 cx16 xtpr pdcm pcid sse4_1 sse4_2 x2apic popcnt tsc_deadline_timer aes xsave avx lahf_lm epb pti ssbd ibrs ibpb stibp tpr_shadow vnmi flexpriority ept vpid xsaveopt dtherm ida arat pln pts md_clear flush_l1d
bugs		: cpu_meltdown spectre_v1 spectre_v2 spec_store_bypass l1tf mds
bogomips	: 6784.20
clflush size	: 64
cache_alignment	: 64
address sizes	: 36 bits physical, 48 bits virtual
power management:

processor	: 7
vendor_id	: GenuineIntel
cpu family	: 6
model		: 42
model name	: Intel(R) Core(TM) i7-2600 CPU @ 3.40GHz
stepping	: 7
microcode	: 0x2f
cpu MHz		: 3511.597
cache size	: 8192 KB
physical id	: 0
siblings	: 8
core id		: 3
cpu cores	: 4
apicid		: 7
initial apicid	: 7
fpu		: yes
fpu_exception	: yes
cpuid level	: 13
wp		: yes
flags		: fpu vme de pse tsc msr pae mce cx8 apic sep mtrr pge mca cmov pat pse36 clflush dts acpi mmx fxsr sse sse2 ss ht tm pbe syscall nx rdtscp lm constant_tsc arch_perfmon pebs bts nopl xtopology nonstop_tsc cpuid aperfmperf pni pclmulqdq dtes64 monitor ds_cpl vmx smx est tm2 ssse3 cx16 xtpr pdcm pcid sse4_1 sse4_2 x2apic popcnt tsc_deadline_timer aes xsave avx lahf_lm epb pti ssbd ibrs ibpb stibp tpr_shadow vnmi flexpriority ept vpid xsaveopt dtherm ida arat pln pts md_clear flush_l1d
bugs		: cpu_meltdown spectre_v1 spectre_v2 spec_store_bypass l1tf mds
bogomips	: 6784.20
clflush size	: 64
cache_alignment	: 64
address sizes	: 36 bits physical, 48 bits virtual
power management:



Memory: 4k page, physical 7850688k(807644k free), swap 2097148k(2097148k free)

vm_info: Java HotSpot(TM) 64-Bit Server VM (25.181-b13) for linux-amd64 JRE (1.8.0_181-b13), built on Jul  7 2018 00:56:38 by "java_re" with gcc 4.3.0 20080428 (Red Hat 4.3.0-8)

time: Fri May 31 14:48:04 2019
elapsed time: 0 seconds (0d 0h 0m 0s)

