#
# A fatal error has been detected by the Java Runtime Environment:
#
#  SIGSEGV (0xb) at pc=0x00007efe8955efec, pid=11689, tid=0x00007efe006d1700
#
# JRE version: Java(TM) SE Runtime Environment (8.0_181-b13) (build 1.8.0_181-b13)
# Java VM: Java HotSpot(TM) 64-Bit Server VM (25.181-b13 mixed mode linux-amd64 compressed oops)
# Problematic frame:
# J 1549 C1 com.sun.org.apache.xerces.internal.impl.XMLDocumentFragmentScannerImpl$FragmentContentDriver.next()I (2346 bytes) @ 0x00007efe8955efec [0x00007efe8955cce0+0x230c]
#
# Failed to write core dump. Core dumps have been disabled. To enable core dumping, try "ulimit -c unlimited" before starting Java again
#
# If you would like to submit a bug report, please visit:
#   http://bugreport.java.com/bugreport/crash.jsp
#

---------------  T H R E A D  ---------------

Current thread (0x00007efe98434800):  JavaThread "Start Level: Equinox Container: 4105ae1e-b24b-400b-8d98-518490b18f99" daemon [_thread_in_Java, id=11747, stack(0x00007efe005d1000,0x00007efe006d2000)]

siginfo: si_signo: 11 (SIGSEGV), si_code: 1 (SEGV_MAPERR), si_addr: 0x00007ef6005a9a70

Registers:
RAX=0x000000000000003c, RBX=0x0000000000001218, RCX=0x0000000000000001, RDX=0x00007ef6005a8858
RSP=0x00007efe006ce4a0, RBP=0x00007efe006ce6c8, RSI=0x00000000c5add950, RDI=0x00000000c5adcfa0
R8 =0x0000000000000001, R9 =0x0000000000000001, R10=0x00007efe9de65d40, R11=0x00000000c5ae2728
R12=0x0000000000000000, R13=0x00007efe8955e554, R14=0x00007efe006ce490, R15=0x00007efe98434800
RIP=0x00007efe8955efec, EFLAGS=0x0000000000010246, CSGSFS=0x002b000000000033, ERR=0x0000000000000004
  TRAPNO=0x000000000000000e

Top of Stack: (sp=0x00007efe006ce4a0)
0x00007efe006ce4a0:   00007efe006ce510 00007efe89007a90
0x00007efe006ce4b0:   00007efe89007a90 00000000c5b7e920
0x00007efe006ce4c0:   000000000000003e 00000000c5adcae0
0x00007efe006ce4d0:   00007efe006ce4d0 00007efe0052f30e
0x00007efe006ce4e0:   00007efe006ce530 00000000c5add950
0x00007efe006ce4f0:   00007efe006ce5d0 00007efe8953857c
0x00007efe006ce500:   0000000000000000 00007efe006ce528
0x00007efe006ce510:   00007efe006ce570 00007efe89007a90
0x00007efe006ce520:   00007efe89007a90 00000000c5adcfa0
0x00007efe006ce530:   00007efe006ce530 00007efe0052b3c8
0x00007efe006ce540:   00007efe006ce588 00000000c5adcfa0
0x00007efe006ce550:   0000000000000000 00000000c5add950
0x00007efe006ce560:   0000000a0000000a 00007efe006ce580
0x00007efe006ce570:   00007efe006ce5d0 00007efe89007d45
0x00007efe006ce580:   00007efe89007d45 00000000c5add950
0x00007efe006ce590:   00007efe006ce590 00007efe00549bfc
0x00007efe006ce5a0:   00007efe006ce5e8 00007efe0054a120
0x00007efe006ce5b0:   0000000000000000 00000000c5adcfa0
0x00007efe006ce5c0:   0000000000000000 00007efe006ce5f0
0x00007efe006ce5d0:   00007efe006ce6c8 00007efe8953e96c
0x00007efe006ce5e0:   00007efe006ce6c8 00007efe8953e96c
0x00007efe006ce5f0:   00007efe006ce660 00007efe89008302
0x00007efe006ce600:   0000000000000000 0000000000000000
0x00007efe006ce610:   00000000c5addea0 00000000c5adb480
0x00007efe006ce620:   00007efe006ce620 00007efe00562d12
0x00007efe006ce630:   00007efe006ce680 00007efe005655f8
0x00007efe006ce640:   0000000000000000 00000000c5adcfa0
0x00007efe006ce650:   0000000000000000 00007efe006ce670
0x00007efe006ce660:   00007efe006ce6c8 00007efe89007d00
0x00007efe006ce670:   0000000000000000 00007efe89007d00
0x00007efe006ce680:   00000000c5adcfa0 00007efe006ce688
0x00007efe006ce690:   00007efe005280b4 00007efe006ce6e8 

Instructions: (pc=0x00007efe8955efec)
0x00007efe8955efcc:   5a 00 f6 7e 00 00 48 bb 18 12 00 00 00 00 00 00
0x00007efe8955efdc:   0f 84 0a 00 00 00 48 bb 28 12 00 00 00 00 00 00
0x00007efe8955efec:   48 8b 04 1a 48 8d 40 01 48 89 04 1a 0f 84 56 1d
0x00007efe8955effc:   00 00 c6 87 85 00 00 00 01 e9 5b 1c 00 00 8b 7f 

Register to memory mapping:

RAX=0x000000000000003c is an unknown value
RBX=0x0000000000001218 is an unknown value
RCX=0x0000000000000001 is an unknown value
RDX=0x00007ef6005a8858 is an unknown value
RSP=0x00007efe006ce4a0 is pointing into the stack for thread: 0x00007efe98434800
RBP=0x00007efe006ce6c8 is pointing into the stack for thread: 0x00007efe98434800
RSI=0x00000000c5add950 is an oop
com.sun.org.apache.xerces.internal.impl.XMLNSDocumentScannerImpl$NSContentDriver 
 - klass: 'com/sun/org/apache/xerces/internal/impl/XMLNSDocumentScannerImpl$NSContentDriver'
RDI=0x00000000c5adcfa0 is an oop
com.sun.org.apache.xerces.internal.impl.XMLNSDocumentScannerImpl 
 - klass: 'com/sun/org/apache/xerces/internal/impl/XMLNSDocumentScannerImpl'
R8 =0x0000000000000001 is an unknown value
R9 =0x0000000000000001 is an unknown value
R10=0x00007efe9de65d40: <offset 0xfd8d40> in /usr/lib/jvm/java-8-oracle/jre/lib/amd64/server/libjvm.so at 0x00007efe9ce8d000
R11=0x00000000c5ae2728 is an oop
[C 
 - klass: {type array char}
 - length: 488
R12=0x0000000000000000 is an unknown value
R13=0x00007efe8955e554 is at entry_point+6260 in (nmethod*)0x00007efe8955c2d0
R14=0x00007efe006ce490 is pointing into the stack for thread: 0x00007efe98434800
R15=0x00007efe98434800 is a thread


Stack: [0x00007efe005d1000,0x00007efe006d2000],  sp=0x00007efe006ce4a0,  free space=1013k
Native frames: (J=compiled Java code, j=interpreted, Vv=VM code, C=native code)
J 1549 C1 com.sun.org.apache.xerces.internal.impl.XMLDocumentFragmentScannerImpl$FragmentContentDriver.next()I (2346 bytes) @ 0x00007efe8955efec [0x00007efe8955cce0+0x230c]
J 1513 C1 com.sun.org.apache.xerces.internal.impl.XMLNSDocumentScannerImpl.next()I (39 bytes) @ 0x00007efe8953e96c [0x00007efe8953e6e0+0x28c]
j  com.sun.org.apache.xerces.internal.impl.XMLDocumentFragmentScannerImpl.scanDocument(Z)Z+308
j  com.sun.org.apache.xerces.internal.parsers.XML11Configuration.parse(Z)Z+123
j  com.sun.org.apache.xerces.internal.parsers.XML11Configuration.parse(Lcom/sun/org/apache/xerces/internal/xni/parser/XMLInputSource;)V+29
j  com.sun.org.apache.xerces.internal.parsers.XMLParser.parse(Lcom/sun/org/apache/xerces/internal/xni/parser/XMLInputSource;)V+76
j  com.sun.org.apache.xerces.internal.parsers.AbstractSAXParser.parse(Lorg/xml/sax/InputSource;)V+43
j  com.sun.org.apache.xerces.internal.jaxp.SAXParserImpl$JAXPSAXParser.parse(Lorg/xml/sax/InputSource;)V+53
j  com.sun.org.apache.xerces.internal.jaxp.SAXParserImpl.parse(Lorg/xml/sax/InputSource;Lorg/xml/sax/helpers/DefaultHandler;)V+61
j  org.eclipse.core.internal.registry.ExtensionsParser.parseManifest(Ljavax/xml/parsers/SAXParserFactory;Lorg/xml/sax/InputSource;Ljava/lang/String;Lorg/eclipse/core/internal/registry/RegistryObjectManager;Lorg/eclipse/core/internal/registry/Contribution;Ljava/util/ResourceBundle;)Lorg/eclipse/core/internal/registry/Contribution;+99
j  org.eclipse.core.internal.registry.ExtensionRegistry.addContribution(Ljava/io/InputStream;Lorg/eclipse/core/runtime/IContributor;ZLjava/lang/String;Ljava/util/ResourceBundle;Ljava/lang/Object;)Z+132
j  org.eclipse.core.internal.registry.ExtensionRegistry.addContribution(Ljava/io/InputStream;Lorg/eclipse/core/runtime/IContributor;ZLjava/lang/String;Ljava/util/ResourceBundle;Ljava/lang/Object;J)Z+10
j  org.eclipse.core.internal.registry.osgi.EclipseBundleListener.addBundle(Lorg/osgi/framework/Bundle;Z)V+125
j  org.eclipse.core.internal.registry.osgi.EclipseBundleListener.processBundles([Lorg/osgi/framework/Bundle;)V+20
j  org.eclipse.core.internal.registry.osgi.RegistryStrategyOSGI.onStart(Lorg/eclipse/core/runtime/IExtensionRegistry;Z)V+62
j  org.eclipse.core.internal.registry.ExtensionRegistry.<init>(Lorg/eclipse/core/runtime/spi/RegistryStrategy;Ljava/lang/Object;Ljava/lang/Object;)V+551
j  org.eclipse.core.runtime.RegistryFactory.createRegistry(Lorg/eclipse/core/runtime/spi/RegistryStrategy;Ljava/lang/Object;Ljava/lang/Object;)Lorg/eclipse/core/runtime/IExtensionRegistry;+7
j  org.eclipse.core.internal.registry.osgi.Activator.startRegistry()V+279
j  org.eclipse.core.internal.registry.osgi.Activator.start(Lorg/osgi/framework/BundleContext;)V+15
j  org.eclipse.osgi.internal.framework.BundleContextImpl$3.run()Ljava/lang/Void;+23
j  org.eclipse.osgi.internal.framework.BundleContextImpl$3.run()Ljava/lang/Object;+1
v  ~StubRoutines::call_stub
V  [libjvm.so+0x697a76]  JavaCalls::call_helper(JavaValue*, methodHandle*, JavaCallArguments*, Thread*)+0x1056
V  [libjvm.so+0x73107c]  JVM_DoPrivileged+0x27c
j  java.security.AccessController.doPrivileged(Ljava/security/PrivilegedExceptionAction;)Ljava/lang/Object;+0
j  org.eclipse.osgi.internal.framework.BundleContextImpl.startActivator(Lorg/osgi/framework/BundleActivator;)V+9
j  org.eclipse.osgi.internal.framework.BundleContextImpl.start()V+121
j  org.eclipse.osgi.internal.framework.EquinoxBundle.startWorker0()V+22
j  org.eclipse.osgi.internal.framework.EquinoxBundle$EquinoxModule.startWorker()V+4
j  org.eclipse.osgi.container.Module.doStart([Lorg/eclipse/osgi/container/Module$StartOptions;)Lorg/eclipse/osgi/container/ModuleContainerAdaptor$ModuleEvent;+190
j  org.eclipse.osgi.container.Module.start([Lorg/eclipse/osgi/container/Module$StartOptions;)V+444
j  org.eclipse.osgi.framework.util.SecureAction.start(Lorg/eclipse/osgi/container/Module;[Lorg/eclipse/osgi/container/Module$StartOptions;)V+8
j  org.eclipse.osgi.internal.hooks.EclipseLazyStarter.postFindLocalClass(Ljava/lang/String;Ljava/lang/Class;Lorg/eclipse/osgi/internal/loader/classpath/ClasspathManager;)V+173
j  org.eclipse.osgi.internal.loader.classpath.ClasspathManager.findLocalClass(Ljava/lang/String;)Ljava/lang/Class;+148
j  org.eclipse.osgi.internal.loader.ModuleClassLoader.findLocalClass(Ljava/lang/String;)Ljava/lang/Class;+5
j  org.eclipse.osgi.internal.loader.BundleLoader.findLocalClass(Ljava/lang/String;)Ljava/lang/Class;+57
j  org.eclipse.osgi.internal.loader.BundleLoader.findClassInternal(Ljava/lang/String;Z)Ljava/lang/Class;+291
j  org.eclipse.osgi.internal.loader.BundleLoader.findClass(Ljava/lang/String;Z)Ljava/lang/Class;+32
j  org.eclipse.osgi.internal.loader.BundleLoader.findClass(Ljava/lang/String;)Ljava/lang/Class;+3
j  org.eclipse.osgi.internal.framework.BundleContextImpl.loadBundleActivator()Lorg/osgi/framework/BundleActivator;+94
j  org.eclipse.osgi.internal.framework.BundleContextImpl.start()V+41
j  org.eclipse.osgi.internal.framework.EquinoxBundle.startWorker0()V+22
j  org.eclipse.osgi.internal.framework.EquinoxBundle$EquinoxModule.startWorker()V+4
j  org.eclipse.osgi.container.Module.doStart([Lorg/eclipse/osgi/container/Module$StartOptions;)Lorg/eclipse/osgi/container/ModuleContainerAdaptor$ModuleEvent;+190
j  org.eclipse.osgi.container.Module.start([Lorg/eclipse/osgi/container/Module$StartOptions;)V+444
j  org.eclipse.osgi.container.ModuleContainer$ContainerStartLevel.incStartLevel(ILjava/util/List;Z)V+145
j  org.eclipse.osgi.container.ModuleContainer$ContainerStartLevel.incStartLevel(ILjava/util/List;)V+11
j  org.eclipse.osgi.container.ModuleContainer$ContainerStartLevel.doContainerStartLevel(Lorg/eclipse/osgi/container/Module;I[Lorg/osgi/framework/FrameworkListener;)V+253
j  org.eclipse.osgi.container.ModuleContainer$ContainerStartLevel.dispatchEvent(Lorg/eclipse/osgi/container/Module;[Lorg/osgi/framework/FrameworkListener;ILjava/lang/Integer;)V+32
j  org.eclipse.osgi.container.ModuleContainer$ContainerStartLevel.dispatchEvent(Ljava/lang/Object;Ljava/lang/Object;ILjava/lang/Object;)V+15
J 1412 C1 org.eclipse.osgi.framework.eventmgr.EventManager.dispatchEvent(Ljava/util/Set;Lorg/eclipse/osgi/framework/eventmgr/EventDispatcher;ILjava/lang/Object;)V (69 bytes) @ 0x00007efe894ecc5c [0x00007efe894ec780+0x4dc]
j  org.eclipse.osgi.framework.eventmgr.EventManager$EventThread.run()V+26
v  ~StubRoutines::call_stub
V  [libjvm.so+0x697a76]  JavaCalls::call_helper(JavaValue*, methodHandle*, JavaCallArguments*, Thread*)+0x1056
V  [libjvm.so+0x697f81]  JavaCalls::call_virtual(JavaValue*, KlassHandle, Symbol*, Symbol*, JavaCallArguments*, Thread*)+0x321
V  [libjvm.so+0x698427]  JavaCalls::call_virtual(JavaValue*, Handle, KlassHandle, Symbol*, Symbol*, Thread*)+0x47
V  [libjvm.so+0x71789e]  thread_entry(JavaThread*, Thread*)+0x7e
V  [libjvm.so+0xa813f3]  JavaThread::thread_main_inner()+0x103
V  [libjvm.so+0xa8153c]  JavaThread::run()+0x11c
V  [libjvm.so+0x930198]  java_start(Thread*)+0x108
C  [libpthread.so.0+0x76db]  start_thread+0xdb


---------------  P R O C E S S  ---------------

Java Threads: ( => current thread )
  0x00007efdd8001000 JavaThread "Resolver thread - Equinox Container: 4105ae1e-b24b-400b-8d98-518490b18f99" daemon [_thread_blocked, id=11753, stack(0x00007efde39eb000,0x00007efde3aec000)]
  0x00007efddc010000 JavaThread "Resolver thread - Equinox Container: 4105ae1e-b24b-400b-8d98-518490b18f99" daemon [_thread_blocked, id=11752, stack(0x00007efde3aec000,0x00007efde3bed000)]
  0x00007efdf8003800 JavaThread "Resolver thread - Equinox Container: 4105ae1e-b24b-400b-8d98-518490b18f99" daemon [_thread_blocked, id=11751, stack(0x00007efde3bed000,0x00007efde3cee000)]
  0x00007efdec002000 JavaThread "Resolver thread - Equinox Container: 4105ae1e-b24b-400b-8d98-518490b18f99" daemon [_thread_blocked, id=11750, stack(0x00007efde3cee000,0x00007efde3def000)]
  0x00007efddc00e800 JavaThread "Resolver thread - Equinox Container: 4105ae1e-b24b-400b-8d98-518490b18f99" daemon [_thread_blocked, id=11749, stack(0x00007efe000ce000,0x00007efe001cf000)]
  0x00007efe98748000 JavaThread "Refresh Thread: Equinox Container: 4105ae1e-b24b-400b-8d98-518490b18f99" daemon [_thread_blocked, id=11748, stack(0x00007efe001cf000,0x00007efe002d0000)]
=>0x00007efe98434800 JavaThread "Start Level: Equinox Container: 4105ae1e-b24b-400b-8d98-518490b18f99" daemon [_thread_in_Java, id=11747, stack(0x00007efe005d1000,0x00007efe006d2000)]
  0x00007efe98432800 JavaThread "Framework Event Dispatcher: Equinox Container: 4105ae1e-b24b-400b-8d98-518490b18f99" daemon [_thread_blocked, id=11746, stack(0x00007efe006d2000,0x00007efe007d3000)]
  0x00007efe983f9000 JavaThread "Active Thread: Equinox Container: 4105ae1e-b24b-400b-8d98-518490b18f99" [_thread_blocked, id=11745, stack(0x00007efe007d3000,0x00007efe008d4000)]
  0x00007efdf8001800 JavaThread "Resolver thread - Equinox Container: 4105ae1e-b24b-400b-8d98-518490b18f99" daemon [_thread_blocked, id=11744, stack(0x00007efe008d4000,0x00007efe009d5000)]
  0x00007efe983eb800 JavaThread "Resolver thread - Equinox Container: 4105ae1e-b24b-400b-8d98-518490b18f99" daemon [_thread_blocked, id=11743, stack(0x00007efe009d5000,0x00007efe00ad6000)]
  0x00007efe982e5800 JavaThread "process reaper" daemon [_thread_blocked, id=11738, stack(0x00007efe68011000,0x00007efe6804a000)]
  0x00007efe981ae800 JavaThread "Service Thread" daemon [_thread_blocked, id=11734, stack(0x00007efe60087000,0x00007efe60188000)]
  0x00007efe981ab800 JavaThread "C1 CompilerThread3" daemon [_thread_blocked, id=11733, stack(0x00007efe60189000,0x00007efe60289000)]
  0x00007efe981a9800 JavaThread "C2 CompilerThread2" daemon [_thread_blocked, id=11732, stack(0x00007efe6028a000,0x00007efe6038a000)]
  0x00007efe981a7000 JavaThread "C2 CompilerThread1" daemon [_thread_in_native, id=11731, stack(0x00007efe6038b000,0x00007efe6048b000)]
  0x00007efe981a5000 JavaThread "C2 CompilerThread0" daemon [_thread_blocked, id=11730, stack(0x00007efe6048c000,0x00007efe6058c000)]
  0x00007efe981a3000 JavaThread "Signal Dispatcher" daemon [_thread_blocked, id=11729, stack(0x00007efe6058c000,0x00007efe6068d000)]
  0x00007efe981a1000 JavaThread "Surrogate Locker Thread (Concurrent GC)" daemon [_thread_blocked, id=11728, stack(0x00007efe6068d000,0x00007efe6078e000)]
  0x00007efe9816a000 JavaThread "Finalizer" daemon [_thread_blocked, id=11726, stack(0x00007efe6115d000,0x00007efe6125e000)]
  0x00007efe98167800 JavaThread "Reference Handler" daemon [_thread_blocked, id=11725, stack(0x00007efe6125e000,0x00007efe6135f000)]
  0x00007efe9800a000 JavaThread "main" [_thread_blocked, id=11690, stack(0x00007efe9e9bd000,0x00007efe9eabd000)]

Other Threads:
  0x00007efe9815e000 VMThread [stack: 0x00007efe61360000,0x00007efe61460000] [id=11724]
  0x00007efe981b4000 WatcherThread [stack: 0x00007efe03f00000,0x00007efe04000000] [id=11735]

VM state:not at safepoint (normal execution)

VM Mutex/Monitor currently owned by a thread: None

Heap:
 garbage-first heap   total 122880K, used 34494K [0x00000000c0000000, 0x00000000c01003c0, 0x0000000100000000)
  region size 1024K, 30 young (30720K), 3 survivors (3072K)
 Metaspace       used 11064K, capacity 11448K, committed 11520K, reserved 1058816K
  class space    used 1162K, capacity 1278K, committed 1280K, reserved 1048576K

Heap Regions: (Y=young(eden), SU=young(survivor), HS=humongous(starts), HC=humongous(continues), CS=collection set, F=free, TS=gc time stamp, PTAMS=previous top-at-mark-start, NTAMS=next top-at-mark-start)
AC   0  O    TS     3 PTAMS 0x00000000c0000000 NTAMS 0x00000000c0000000 space 1024K, 100% used [0x00000000c0000000, 0x00000000c0100000)
AC   0  O    TS     3 PTAMS 0x00000000c0100000 NTAMS 0x00000000c0100000 space 1024K, 100% used [0x00000000c0100000, 0x00000000c0200000)
AC   0  O    TS     3 PTAMS 0x00000000c0200000 NTAMS 0x00000000c0200000 space 1024K, 100% used [0x00000000c0200000, 0x00000000c0300000)
AC   0  O    TS     3 PTAMS 0x00000000c0300000 NTAMS 0x00000000c0300000 space 1024K, 100% used [0x00000000c0300000, 0x00000000c0400000)
AC   0  O    TS     3 PTAMS 0x00000000c0400000 NTAMS 0x00000000c0400000 space 1024K,  68% used [0x00000000c0400000, 0x00000000c0500000)
AC   0  F    TS     0 PTAMS 0x00000000c0500000 NTAMS 0x00000000c0500000 space 1024K,   0% used [0x00000000c0500000, 0x00000000c0600000)
AC   0  F    TS     0 PTAMS 0x00000000c0600000 NTAMS 0x00000000c0600000 space 1024K,   0% used [0x00000000c0600000, 0x00000000c0700000)
AC   0  F    TS     0 PTAMS 0x00000000c0700000 NTAMS 0x00000000c0700000 space 1024K,   0% used [0x00000000c0700000, 0x00000000c0800000)
AC   0  F    TS     0 PTAMS 0x00000000c0800000 NTAMS 0x00000000c0800000 space 1024K,   0% used [0x00000000c0800000, 0x00000000c0900000)
AC   0  F    TS     0 PTAMS 0x00000000c0900000 NTAMS 0x00000000c0900000 space 1024K,   0% used [0x00000000c0900000, 0x00000000c0a00000)
AC   0  F    TS     0 PTAMS 0x00000000c0a00000 NTAMS 0x00000000c0a00000 space 1024K,   0% used [0x00000000c0a00000, 0x00000000c0b00000)
AC   0  F    TS     0 PTAMS 0x00000000c0b00000 NTAMS 0x00000000c0b00000 space 1024K,   0% used [0x00000000c0b00000, 0x00000000c0c00000)
AC   0  F    TS     0 PTAMS 0x00000000c0c00000 NTAMS 0x00000000c0c00000 space 1024K,   0% used [0x00000000c0c00000, 0x00000000c0d00000)
AC   0  F    TS     0 PTAMS 0x00000000c0d00000 NTAMS 0x00000000c0d00000 space 1024K,   0% used [0x00000000c0d00000, 0x00000000c0e00000)
AC   0  F    TS     0 PTAMS 0x00000000c0e00000 NTAMS 0x00000000c0e00000 space 1024K,   0% used [0x00000000c0e00000, 0x00000000c0f00000)
AC   0  F    TS     0 PTAMS 0x00000000c0f00000 NTAMS 0x00000000c0f00000 space 1024K,   0% used [0x00000000c0f00000, 0x00000000c1000000)
AC   0  F    TS     0 PTAMS 0x00000000c1000000 NTAMS 0x00000000c1000000 space 1024K,   0% used [0x00000000c1000000, 0x00000000c1100000)
AC   0  F    TS     0 PTAMS 0x00000000c1100000 NTAMS 0x00000000c1100000 space 1024K,   0% used [0x00000000c1100000, 0x00000000c1200000)
AC   0  F    TS     0 PTAMS 0x00000000c1200000 NTAMS 0x00000000c1200000 space 1024K,   0% used [0x00000000c1200000, 0x00000000c1300000)
AC   0  F    TS     0 PTAMS 0x00000000c1300000 NTAMS 0x00000000c1300000 space 1024K,   0% used [0x00000000c1300000, 0x00000000c1400000)
AC   0  F    TS     0 PTAMS 0x00000000c1400000 NTAMS 0x00000000c1400000 space 1024K,   0% used [0x00000000c1400000, 0x00000000c1500000)
AC   0  F    TS     0 PTAMS 0x00000000c1500000 NTAMS 0x00000000c1500000 space 1024K,   0% used [0x00000000c1500000, 0x00000000c1600000)
AC   0  F    TS     0 PTAMS 0x00000000c1600000 NTAMS 0x00000000c1600000 space 1024K,   0% used [0x00000000c1600000, 0x00000000c1700000)
AC   0  F    TS     0 PTAMS 0x00000000c1700000 NTAMS 0x00000000c1700000 space 1024K,   0% used [0x00000000c1700000, 0x00000000c1800000)
AC   0  F    TS     0 PTAMS 0x00000000c1800000 NTAMS 0x00000000c1800000 space 1024K,   0% used [0x00000000c1800000, 0x00000000c1900000)
AC   0  F    TS     0 PTAMS 0x00000000c1900000 NTAMS 0x00000000c1900000 space 1024K,   0% used [0x00000000c1900000, 0x00000000c1a00000)
AC   0  F    TS     0 PTAMS 0x00000000c1a00000 NTAMS 0x00000000c1a00000 space 1024K,   0% used [0x00000000c1a00000, 0x00000000c1b00000)
AC   0  F    TS     0 PTAMS 0x00000000c1b00000 NTAMS 0x00000000c1b00000 space 1024K,   0% used [0x00000000c1b00000, 0x00000000c1c00000)
AC   0  F    TS     0 PTAMS 0x00000000c1c00000 NTAMS 0x00000000c1c00000 space 1024K,   0% used [0x00000000c1c00000, 0x00000000c1d00000)
AC   0  F    TS     0 PTAMS 0x00000000c1d00000 NTAMS 0x00000000c1d00000 space 1024K,   0% used [0x00000000c1d00000, 0x00000000c1e00000)
AC   0  F    TS     0 PTAMS 0x00000000c1e00000 NTAMS 0x00000000c1e00000 space 1024K,   0% used [0x00000000c1e00000, 0x00000000c1f00000)
AC   0  F    TS     0 PTAMS 0x00000000c1f00000 NTAMS 0x00000000c1f00000 space 1024K,   0% used [0x00000000c1f00000, 0x00000000c2000000)
AC   0  F    TS     0 PTAMS 0x00000000c2000000 NTAMS 0x00000000c2000000 space 1024K,   0% used [0x00000000c2000000, 0x00000000c2100000)
AC   0  F    TS     0 PTAMS 0x00000000c2100000 NTAMS 0x00000000c2100000 space 1024K,   0% used [0x00000000c2100000, 0x00000000c2200000)
AC   0  F    TS     0 PTAMS 0x00000000c2200000 NTAMS 0x00000000c2200000 space 1024K,   0% used [0x00000000c2200000, 0x00000000c2300000)
AC   0  F    TS     0 PTAMS 0x00000000c2300000 NTAMS 0x00000000c2300000 space 1024K,   0% used [0x00000000c2300000, 0x00000000c2400000)
AC   0  F    TS     0 PTAMS 0x00000000c2400000 NTAMS 0x00000000c2400000 space 1024K,   0% used [0x00000000c2400000, 0x00000000c2500000)
AC   0  F    TS     0 PTAMS 0x00000000c2500000 NTAMS 0x00000000c2500000 space 1024K,   0% used [0x00000000c2500000, 0x00000000c2600000)
AC   0  F    TS     0 PTAMS 0x00000000c2600000 NTAMS 0x00000000c2600000 space 1024K,   0% used [0x00000000c2600000, 0x00000000c2700000)
AC   0  F    TS     0 PTAMS 0x00000000c2700000 NTAMS 0x00000000c2700000 space 1024K,   0% used [0x00000000c2700000, 0x00000000c2800000)
AC   0  F    TS     0 PTAMS 0x00000000c2800000 NTAMS 0x00000000c2800000 space 1024K,   0% used [0x00000000c2800000, 0x00000000c2900000)
AC   0  F    TS     0 PTAMS 0x00000000c2900000 NTAMS 0x00000000c2900000 space 1024K,   0% used [0x00000000c2900000, 0x00000000c2a00000)
AC   0  F    TS     0 PTAMS 0x00000000c2a00000 NTAMS 0x00000000c2a00000 space 1024K,   0% used [0x00000000c2a00000, 0x00000000c2b00000)
AC   0  F    TS     0 PTAMS 0x00000000c2b00000 NTAMS 0x00000000c2b00000 space 1024K,   0% used [0x00000000c2b00000, 0x00000000c2c00000)
AC   0  F    TS     0 PTAMS 0x00000000c2c00000 NTAMS 0x00000000c2c00000 space 1024K,   0% used [0x00000000c2c00000, 0x00000000c2d00000)
AC   0  F    TS     0 PTAMS 0x00000000c2d00000 NTAMS 0x00000000c2d00000 space 1024K,   0% used [0x00000000c2d00000, 0x00000000c2e00000)
AC   0  F    TS     0 PTAMS 0x00000000c2e00000 NTAMS 0x00000000c2e00000 space 1024K,   0% used [0x00000000c2e00000, 0x00000000c2f00000)
AC   0  F    TS     0 PTAMS 0x00000000c2f00000 NTAMS 0x00000000c2f00000 space 1024K,   0% used [0x00000000c2f00000, 0x00000000c3000000)
AC   0  F    TS     0 PTAMS 0x00000000c3000000 NTAMS 0x00000000c3000000 space 1024K,   0% used [0x00000000c3000000, 0x00000000c3100000)
AC   0  F    TS     0 PTAMS 0x00000000c3100000 NTAMS 0x00000000c3100000 space 1024K,   0% used [0x00000000c3100000, 0x00000000c3200000)
AC   0  F    TS     0 PTAMS 0x00000000c3200000 NTAMS 0x00000000c3200000 space 1024K,   0% used [0x00000000c3200000, 0x00000000c3300000)
AC   0  F    TS     0 PTAMS 0x00000000c3300000 NTAMS 0x00000000c3300000 space 1024K,   0% used [0x00000000c3300000, 0x00000000c3400000)
AC   0  F    TS     0 PTAMS 0x00000000c3400000 NTAMS 0x00000000c3400000 space 1024K,   0% used [0x00000000c3400000, 0x00000000c3500000)
AC   0  F    TS     0 PTAMS 0x00000000c3500000 NTAMS 0x00000000c3500000 space 1024K,   0% used [0x00000000c3500000, 0x00000000c3600000)
AC   0  F    TS     0 PTAMS 0x00000000c3600000 NTAMS 0x00000000c3600000 space 1024K,   0% used [0x00000000c3600000, 0x00000000c3700000)
AC   0  F    TS     0 PTAMS 0x00000000c3700000 NTAMS 0x00000000c3700000 space 1024K,   0% used [0x00000000c3700000, 0x00000000c3800000)
AC   0  F    TS     0 PTAMS 0x00000000c3800000 NTAMS 0x00000000c3800000 space 1024K,   0% used [0x00000000c3800000, 0x00000000c3900000)
AC   0  F    TS     0 PTAMS 0x00000000c3900000 NTAMS 0x00000000c3900000 space 1024K,   0% used [0x00000000c3900000, 0x00000000c3a00000)
AC   0  F    TS     0 PTAMS 0x00000000c3a00000 NTAMS 0x00000000c3a00000 space 1024K,   0% used [0x00000000c3a00000, 0x00000000c3b00000)
AC   0  F    TS     0 PTAMS 0x00000000c3b00000 NTAMS 0x00000000c3b00000 space 1024K,   0% used [0x00000000c3b00000, 0x00000000c3c00000)
AC   0  F    TS     0 PTAMS 0x00000000c3c00000 NTAMS 0x00000000c3c00000 space 1024K,   0% used [0x00000000c3c00000, 0x00000000c3d00000)
AC   0  F    TS     0 PTAMS 0x00000000c3d00000 NTAMS 0x00000000c3d00000 space 1024K,   0% used [0x00000000c3d00000, 0x00000000c3e00000)
AC   0  F    TS     0 PTAMS 0x00000000c3e00000 NTAMS 0x00000000c3e00000 space 1024K,   0% used [0x00000000c3e00000, 0x00000000c3f00000)
AC   0  F    TS     0 PTAMS 0x00000000c3f00000 NTAMS 0x00000000c3f00000 space 1024K,   0% used [0x00000000c3f00000, 0x00000000c4000000)
AC   0  F    TS     0 PTAMS 0x00000000c4000000 NTAMS 0x00000000c4000000 space 1024K,   0% used [0x00000000c4000000, 0x00000000c4100000)
AC   0  F    TS     0 PTAMS 0x00000000c4100000 NTAMS 0x00000000c4100000 space 1024K,   0% used [0x00000000c4100000, 0x00000000c4200000)
AC   0  F    TS     0 PTAMS 0x00000000c4200000 NTAMS 0x00000000c4200000 space 1024K,   0% used [0x00000000c4200000, 0x00000000c4300000)
AC   0  F    TS     0 PTAMS 0x00000000c4300000 NTAMS 0x00000000c4300000 space 1024K,   0% used [0x00000000c4300000, 0x00000000c4400000)
AC   0  F    TS     0 PTAMS 0x00000000c4400000 NTAMS 0x00000000c4400000 space 1024K,   0% used [0x00000000c4400000, 0x00000000c4500000)
AC   0  F    TS     0 PTAMS 0x00000000c4500000 NTAMS 0x00000000c4500000 space 1024K,   0% used [0x00000000c4500000, 0x00000000c4600000)
AC   0  F    TS     0 PTAMS 0x00000000c4600000 NTAMS 0x00000000c4600000 space 1024K,   0% used [0x00000000c4600000, 0x00000000c4700000)
AC   0  F    TS     0 PTAMS 0x00000000c4700000 NTAMS 0x00000000c4700000 space 1024K,   0% used [0x00000000c4700000, 0x00000000c4800000)
AC   0  F    TS     0 PTAMS 0x00000000c4800000 NTAMS 0x00000000c4800000 space 1024K,   0% used [0x00000000c4800000, 0x00000000c4900000)
AC   0  F    TS     0 PTAMS 0x00000000c4900000 NTAMS 0x00000000c4900000 space 1024K,   0% used [0x00000000c4900000, 0x00000000c4a00000)
AC   0  F    TS     0 PTAMS 0x00000000c4a00000 NTAMS 0x00000000c4a00000 space 1024K,   0% used [0x00000000c4a00000, 0x00000000c4b00000)
AC   0  F    TS     0 PTAMS 0x00000000c4b00000 NTAMS 0x00000000c4b00000 space 1024K,   0% used [0x00000000c4b00000, 0x00000000c4c00000)
AC   0  F    TS     0 PTAMS 0x00000000c4c00000 NTAMS 0x00000000c4c00000 space 1024K,   0% used [0x00000000c4c00000, 0x00000000c4d00000)
AC   0  F    TS     0 PTAMS 0x00000000c4d00000 NTAMS 0x00000000c4d00000 space 1024K,   0% used [0x00000000c4d00000, 0x00000000c4e00000)
AC   0  F    TS     0 PTAMS 0x00000000c4e00000 NTAMS 0x00000000c4e00000 space 1024K,   0% used [0x00000000c4e00000, 0x00000000c4f00000)
AC   0  F    TS     0 PTAMS 0x00000000c4f00000 NTAMS 0x00000000c4f00000 space 1024K,   0% used [0x00000000c4f00000, 0x00000000c5000000)
AC   0  F    TS     0 PTAMS 0x00000000c5000000 NTAMS 0x00000000c5000000 space 1024K,   0% used [0x00000000c5000000, 0x00000000c5100000)
AC   0  F    TS     0 PTAMS 0x00000000c5100000 NTAMS 0x00000000c5100000 space 1024K,   0% used [0x00000000c5100000, 0x00000000c5200000)
AC   0  F    TS     0 PTAMS 0x00000000c5200000 NTAMS 0x00000000c5200000 space 1024K,   0% used [0x00000000c5200000, 0x00000000c5300000)
AC   0  F    TS     0 PTAMS 0x00000000c5300000 NTAMS 0x00000000c5300000 space 1024K,   0% used [0x00000000c5300000, 0x00000000c5400000)
AC   0  F    TS     0 PTAMS 0x00000000c5400000 NTAMS 0x00000000c5400000 space 1024K,   0% used [0x00000000c5400000, 0x00000000c5500000)
AC   0  F    TS     0 PTAMS 0x00000000c5500000 NTAMS 0x00000000c5500000 space 1024K,   0% used [0x00000000c5500000, 0x00000000c5600000)
AC   0  F    TS     0 PTAMS 0x00000000c5600000 NTAMS 0x00000000c5600000 space 1024K,   0% used [0x00000000c5600000, 0x00000000c5700000)
AC   0  F    TS     0 PTAMS 0x00000000c5700000 NTAMS 0x00000000c5700000 space 1024K,   0% used [0x00000000c5700000, 0x00000000c5800000)
AC   0  F    TS     0 PTAMS 0x00000000c5800000 NTAMS 0x00000000c5800000 space 1024K,   0% used [0x00000000c5800000, 0x00000000c5900000)
AC   0  F    TS     0 PTAMS 0x00000000c5900000 NTAMS 0x00000000c5900000 space 1024K,   0% used [0x00000000c5900000, 0x00000000c5a00000)
AC   0  E    TS     0 PTAMS 0x00000000c5a00000 NTAMS 0x00000000c5a00000 space 1024K, 100% used [0x00000000c5a00000, 0x00000000c5b00000)
AC   0  E CS TS     0 PTAMS 0x00000000c5b00000 NTAMS 0x00000000c5b00000 space 1024K, 100% used [0x00000000c5b00000, 0x00000000c5c00000)
AC   0  E CS TS     0 PTAMS 0x00000000c5c00000 NTAMS 0x00000000c5c00000 space 1024K, 100% used [0x00000000c5c00000, 0x00000000c5d00000)
AC   0  S CS TS     3 PTAMS 0x00000000c5d00000 NTAMS 0x00000000c5d00000 space 1024K, 100% used [0x00000000c5d00000, 0x00000000c5e00000)
AC   0  S CS TS     3 PTAMS 0x00000000c5e00000 NTAMS 0x00000000c5e00000 space 1024K, 100% used [0x00000000c5e00000, 0x00000000c5f00000)
AC   0  S CS TS     3 PTAMS 0x00000000c5f00000 NTAMS 0x00000000c5f00000 space 1024K, 100% used [0x00000000c5f00000, 0x00000000c6000000)
AC   0  E CS TS     0 PTAMS 0x00000000c6000000 NTAMS 0x00000000c6000000 space 1024K, 100% used [0x00000000c6000000, 0x00000000c6100000)
AC   0  E CS TS     0 PTAMS 0x00000000c6100000 NTAMS 0x00000000c6100000 space 1024K, 100% used [0x00000000c6100000, 0x00000000c6200000)
AC   0  E CS TS     0 PTAMS 0x00000000c6200000 NTAMS 0x00000000c6200000 space 1024K, 100% used [0x00000000c6200000, 0x00000000c6300000)
AC   0  E CS TS     0 PTAMS 0x00000000c6300000 NTAMS 0x00000000c6300000 space 1024K, 100% used [0x00000000c6300000, 0x00000000c6400000)
AC   0  E CS TS     0 PTAMS 0x00000000c6400000 NTAMS 0x00000000c6400000 space 1024K, 100% used [0x00000000c6400000, 0x00000000c6500000)
AC   0  E CS TS     0 PTAMS 0x00000000c6500000 NTAMS 0x00000000c6500000 space 1024K, 100% used [0x00000000c6500000, 0x00000000c6600000)
AC   0  E CS TS     0 PTAMS 0x00000000c6600000 NTAMS 0x00000000c6600000 space 1024K, 100% used [0x00000000c6600000, 0x00000000c6700000)
AC   0  E CS TS     0 PTAMS 0x00000000c6700000 NTAMS 0x00000000c6700000 space 1024K, 100% used [0x00000000c6700000, 0x00000000c6800000)
AC   0  E CS TS     0 PTAMS 0x00000000c6800000 NTAMS 0x00000000c6800000 space 1024K, 100% used [0x00000000c6800000, 0x00000000c6900000)
AC   0  E CS TS     0 PTAMS 0x00000000c6900000 NTAMS 0x00000000c6900000 space 1024K, 100% used [0x00000000c6900000, 0x00000000c6a00000)
AC   0  E CS TS     0 PTAMS 0x00000000c6a00000 NTAMS 0x00000000c6a00000 space 1024K, 100% used [0x00000000c6a00000, 0x00000000c6b00000)
AC   0  E CS TS     0 PTAMS 0x00000000c6b00000 NTAMS 0x00000000c6b00000 space 1024K, 100% used [0x00000000c6b00000, 0x00000000c6c00000)
AC   0  E CS TS     0 PTAMS 0x00000000c6c00000 NTAMS 0x00000000c6c00000 space 1024K, 100% used [0x00000000c6c00000, 0x00000000c6d00000)
AC   0  E CS TS     1 PTAMS 0x00000000c6d00000 NTAMS 0x00000000c6d00000 space 1024K, 100% used [0x00000000c6d00000, 0x00000000c6e00000)
AC   0  E CS TS     1 PTAMS 0x00000000c6e00000 NTAMS 0x00000000c6e00000 space 1024K, 100% used [0x00000000c6e00000, 0x00000000c6f00000)
AC   0  E CS TS     0 PTAMS 0x00000000c6f00000 NTAMS 0x00000000c6f00000 space 1024K, 100% used [0x00000000c6f00000, 0x00000000c7000000)
AC   0  E CS TS     0 PTAMS 0x00000000c7000000 NTAMS 0x00000000c7000000 space 1024K, 100% used [0x00000000c7000000, 0x00000000c7100000)
AC   0  E CS TS     0 PTAMS 0x00000000c7100000 NTAMS 0x00000000c7100000 space 1024K, 100% used [0x00000000c7100000, 0x00000000c7200000)
AC   0  E CS TS     0 PTAMS 0x00000000c7200000 NTAMS 0x00000000c7200000 space 1024K, 100% used [0x00000000c7200000, 0x00000000c7300000)
AC   0  E CS TS     0 PTAMS 0x00000000c7300000 NTAMS 0x00000000c7300000 space 1024K, 100% used [0x00000000c7300000, 0x00000000c7400000)
AC   0  E CS TS     0 PTAMS 0x00000000c7400000 NTAMS 0x00000000c7400000 space 1024K, 100% used [0x00000000c7400000, 0x00000000c7500000)
AC   0  E CS TS     0 PTAMS 0x00000000c7500000 NTAMS 0x00000000c7500000 space 1024K, 100% used [0x00000000c7500000, 0x00000000c7600000)
AC   0  E CS TS     0 PTAMS 0x00000000c7600000 NTAMS 0x00000000c7600000 space 1024K, 100% used [0x00000000c7600000, 0x00000000c7700000)
AC   0  E CS TS     0 PTAMS 0x00000000c7700000 NTAMS 0x00000000c7700000 space 1024K, 100% used [0x00000000c7700000, 0x00000000c7800000)

Card table byte_map: [0x00007efe6aff6000,0x00007efe6b1f6000] byte_map_base: 0x00007efe6a9f6000

Marking Bits (Prev, Next): (CMBitMap*) 0x00007efe9804f298, (CMBitMap*) 0x00007efe9804f2f0
 Prev Bits: [0x00007efe69df6000, 0x00007efe6adf6000)
 Next Bits: [0x00007efe68df6000, 0x00007efe69df6000)

Polling page: 0x00007efe9eadc000

CodeCache: size=245760Kb used=5519Kb max_used=5519Kb free=240240Kb
 bounds [0x00007efe89000000, 0x00007efe89570000, 0x00007efe98000000]
 total_blobs=1897 nmethods=1553 adapters=257
 compilation: enabled

Compilation events (10 events):
Event: 1,410 Thread 0x00007efe981a9800 nmethod 1552 0x00007efe89555990 code [0x00007efe89555ae0, 0x00007efe89555b98]
Event: 1,415 Thread 0x00007efe981ab800 nmethod 1549 0x00007efe8955c2d0 code [0x00007efe8955cce0, 0x00007efe89563bf8]
Event: 1,415 Thread 0x00007efe981ab800 1550       3       com.sun.org.apache.xerces.internal.impl.XMLDocumentFragmentScannerImpl::seekCloseOfStartTag (136 bytes)
Event: 1,416 Thread 0x00007efe981ab800 nmethod 1550 0x00007efe8955aad0 code [0x00007efe8955ad40, 0x00007efe8955bc68]
Event: 1,416 Thread 0x00007efe981ab800 1555       1       java.util.Hashtable$Entry::getKey (5 bytes)
Event: 1,416 Thread 0x00007efe981ab800 nmethod 1555 0x00007efe895556d0 code [0x00007efe89555820, 0x00007efe89555930]
Event: 1,416 Thread 0x00007efe981ab800 1556       1       java.util.Hashtable$Entry::getValue (5 bytes)
Event: 1,416 Thread 0x00007efe981ab800 nmethod 1556 0x00007efe89555390 code [0x00007efe895554e0, 0x00007efe895555f0]
Event: 1,416 Thread 0x00007efe981ab800 1543       3       org.eclipse.core.internal.registry.KeyedHashSet::hash (16 bytes)
Event: 1,416 Thread 0x00007efe981ab800 nmethod 1543 0x00007efe8955a510 code [0x00007efe8955a6a0, 0x00007efe8955a9a8]

GC Heap History (4 events):
Event: 0,361 GC heap before
{Heap before GC invocations=0 (full 0):
 garbage-first heap   total 122880K, used 9216K [0x00000000c0000000, 0x00000000c01003c0, 0x0000000100000000)
  region size 1024K, 9 young (9216K), 0 survivors (0K)
 Metaspace       used 6042K, capacity 6314K, committed 6400K, reserved 1056768K
  class space    used 655K, capacity 746K, committed 768K, reserved 1048576K
Event: 0,365 GC heap after
Heap after GC invocations=1 (full 0):
 garbage-first heap   total 122880K, used 2421K [0x00000000c0000000, 0x00000000c01003c0, 0x0000000100000000)
  region size 1024K, 2 young (2048K), 2 survivors (2048K)
 Metaspace       used 6042K, capacity 6314K, committed 6400K, reserved 1056768K
  class space    used 655K, capacity 746K, committed 768K, reserved 1048576K
}
Event: 0,899 GC heap before
{Heap before GC invocations=1 (full 0):
 garbage-first heap   total 122880K, used 24949K [0x00000000c0000000, 0x00000000c01003c0, 0x0000000100000000)
  region size 1024K, 24 young (24576K), 2 survivors (2048K)
 Metaspace       used 8982K, capacity 9200K, committed 9472K, reserved 1058816K
  class space    used 955K, capacity 1003K, committed 1024K, reserved 1048576K
Event: 0,907 GC heap after
Heap after GC invocations=2 (full 0):
 garbage-first heap   total 122880K, used 7870K [0x00000000c0000000, 0x00000000c01003c0, 0x0000000100000000)
  region size 1024K, 3 young (3072K), 3 survivors (3072K)
 Metaspace       used 8982K, capacity 9200K, committed 9472K, reserved 1058816K
  class space    used 955K, capacity 1003K, committed 1024K, reserved 1048576K
}

Deoptimization events (10 events):
Event: 0,434 Thread 0x00007efe9800a000 Uncommon trap: reason=unstable_if action=reinterpret pc=0x00007efe891e0468 method=java.util.HashMap.hash(Ljava/lang/Object;)I @ 1
Event: 0,434 Thread 0x00007efe9800a000 Uncommon trap: reason=unstable_if action=reinterpret pc=0x00007efe89203b30 method=java.util.HashMap.hash(Ljava/lang/Object;)I @ 1
Event: 0,511 Thread 0x00007efe9800a000 Uncommon trap: reason=unstable_if action=reinterpret pc=0x00007efe8920967c method=java.lang.StringCoding$StringDecoder.decode([BII)[C @ 20
Event: 0,755 Thread 0x00007efe9800a000 Uncommon trap: reason=unstable_if action=reinterpret pc=0x00007efe8924836c method=java.io.BufferedInputStream.read()I @ 8
Event: 0,755 Thread 0x00007efe9800a000 Uncommon trap: reason=unstable_if action=reinterpret pc=0x00007efe891fcb50 method=java.lang.StringCoding$StringDecoder.decode([BII)[C @ 20
Event: 1,082 Thread 0x00007efe98748000 Uncommon trap: reason=unstable_if action=reinterpret pc=0x00007efe891fadd4 method=java.lang.ThreadLocal.get()Ljava/lang/Object; @ 11
Event: 1,105 Thread 0x00007efe98748000 Uncommon trap: reason=unstable_if action=reinterpret pc=0x00007efe894019e4 method=org.eclipse.osgi.internal.framework.FilterImpl$Parser.skipWhiteSpace()V @ 39
Event: 1,240 Thread 0x00007efe98748000 Uncommon trap: reason=unstable_if action=reinterpret pc=0x00007efe894128ec method=java.util.ArrayList.toArray([Ljava/lang/Object;)[Ljava/lang/Object; @ 6
Event: 1,268 Thread 0x00007efe98434800 Uncommon trap: reason=unstable_if action=reinterpret pc=0x00007efe891ffbe4 method=java.lang.ThreadLocal$ThreadLocalMap.getEntry(Ljava/lang/ThreadLocal;)Ljava/lang/ThreadLocal$ThreadLocalMap$Entry; @ 29
Event: 1,278 Thread 0x00007efe98434800 Uncommon trap: reason=unstable_if action=reinterpret pc=0x00007efe892e03bc method=java.io.UnixFileSystem.normalize(Ljava/lang/String;)Ljava/lang/String; @ 34

Classes redefined (0 events):
No events

Internal exceptions (10 events):
Event: 0,355 Thread 0x00007efe9800a000 Exception <a 'java/security/PrivilegedActionException'> (0x00000000c6f050d0) thrown at [/HUDSON/workspace/8-2-build-linux-amd64/jdk8u181/11358/hotspot/src/share/vm/prims/jvm.cpp, line 1435]
Event: 0,355 Thread 0x00007efe9800a000 Exception <a 'java/security/PrivilegedActionException'> (0x00000000c6f052e0) thrown at [/HUDSON/workspace/8-2-build-linux-amd64/jdk8u181/11358/hotspot/src/share/vm/prims/jvm.cpp, line 1435]
Event: 0,356 Thread 0x00007efe9800a000 Exception <a 'java/security/PrivilegedActionException'> (0x00000000c6f07930) thrown at [/HUDSON/workspace/8-2-build-linux-amd64/jdk8u181/11358/hotspot/src/share/vm/prims/jvm.cpp, line 1435]
Event: 0,356 Thread 0x00007efe9800a000 Exception <a 'java/security/PrivilegedActionException'> (0x00000000c6f07b40) thrown at [/HUDSON/workspace/8-2-build-linux-amd64/jdk8u181/11358/hotspot/src/share/vm/prims/jvm.cpp, line 1435]
Event: 0,409 Thread 0x00007efe9800a000 Exception <a 'java/io/FileNotFoundException'> (0x00000000c74866e8) thrown at [/HUDSON/workspace/8-2-build-linux-amd64/jdk8u181/11358/hotspot/src/share/vm/prims/jni.cpp, line 709]
Event: 0,431 Thread 0x00007efe9800a000 Implicit null exception at 0x00007efe89215935 to 0x00007efe89215b85
Event: 0,434 Thread 0x00007efe9800a000 Implicit null exception at 0x00007efe891e03ef to 0x00007efe891e0459
Event: 0,434 Thread 0x00007efe9800a000 Implicit null exception at 0x00007efe89203a98 to 0x00007efe89203b26
Event: 1,078 Thread 0x00007efe9800a000 Exception <a 'java/lang/UnsatisfiedLinkError': org.eclipse.equinox.launcher.JNIBridge._update_splash()V> (0x00000000c6b8c9e0) thrown at [/HUDSON/workspace/8-2-build-linux-amd64/jdk8u181/11358/hotspot/src/share/vm/prims/nativeLookup.cpp, line 378]
Event: 1,082 Thread 0x00007efe98748000 Implicit null exception at 0x00007efe891fac8b to 0x00007efe891fadc1

Events (10 events):
Event: 1,370 loading class org/xml/sax/ext/Locator2 done
Event: 1,370 loading class com/sun/org/apache/xerces/internal/parsers/AbstractSAXParser$LocatorProxy done
Event: 1,371 loading class com/sun/org/apache/xerces/internal/impl/XMLScanner$NameType
Event: 1,371 loading class com/sun/org/apache/xerces/internal/impl/XMLScanner$NameType done
Event: 1,372 loading class com/sun/org/apache/xerces/internal/impl/Constants
Event: 1,373 loading class com/sun/org/apache/xerces/internal/impl/Constants done
Event: 1,373 loading class com/sun/org/apache/xerces/internal/impl/Constants$ArrayEnumeration
Event: 1,373 loading class com/sun/org/apache/xerces/internal/impl/Constants$ArrayEnumeration done
Event: 1,383 loading class java/util/MissingResourceException
Event: 1,383 loading class java/util/MissingResourceException done


Dynamic libraries:
00400000-00401000 r-xp 00000000 08:01 137404                             /usr/lib/jvm/java-8-oracle/bin/java
00600000-00601000 rw-p 00000000 08:01 137404                             /usr/lib/jvm/java-8-oracle/bin/java
01e3c000-01e5d000 rw-p 00000000 00:00 0                                  [heap]
c0000000-c7800000 rw-p 00000000 00:00 0 
c7800000-100000000 ---p 00000000 00:00 0 
100000000-100140000 rw-p 00000000 00:00 0 
100140000-140000000 ---p 00000000 00:00 0 
7efdc8000000-7efdc8021000 rw-p 00000000 00:00 0 
7efdc8021000-7efdcc000000 ---p 00000000 00:00 0 
7efdcc000000-7efdcc021000 rw-p 00000000 00:00 0 
7efdcc021000-7efdd0000000 ---p 00000000 00:00 0 
7efdd0000000-7efdd0021000 rw-p 00000000 00:00 0 
7efdd0021000-7efdd4000000 ---p 00000000 00:00 0 
7efdd4000000-7efdd4021000 rw-p 00000000 00:00 0 
7efdd4021000-7efdd8000000 ---p 00000000 00:00 0 
7efdd8000000-7efdd8021000 rw-p 00000000 00:00 0 
7efdd8021000-7efddc000000 ---p 00000000 00:00 0 
7efddc000000-7efddc050000 rw-p 00000000 00:00 0 
7efddc050000-7efde0000000 ---p 00000000 00:00 0 
7efde39eb000-7efde39ee000 ---p 00000000 00:00 0 
7efde39ee000-7efde3aec000 rw-p 00000000 00:00 0 
7efde3aec000-7efde3aef000 ---p 00000000 00:00 0 
7efde3aef000-7efde3bed000 rw-p 00000000 00:00 0 
7efde3bed000-7efde3bf0000 ---p 00000000 00:00 0 
7efde3bf0000-7efde3cee000 rw-p 00000000 00:00 0 
7efde3cee000-7efde3cf1000 ---p 00000000 00:00 0 
7efde3cf1000-7efde3def000 rw-p 00000000 00:00 0 
7efde3def000-7efde3dff000 r-xp 00000000 00:35 10017524                   /home/gabrielga/.vscode/extensions/redhat.java-0.30.0/server/config_linux/org.eclipse.equinox.launcher/org.eclipse.equinox.launcher.gtk.linux.x86_64_1.1.800.v20180827-1352/eclipse_1705.so
7efde3dff000-7efde3ffe000 ---p 00010000 00:35 10017524                   /home/gabrielga/.vscode/extensions/redhat.java-0.30.0/server/config_linux/org.eclipse.equinox.launcher/org.eclipse.equinox.launcher.gtk.linux.x86_64_1.1.800.v20180827-1352/eclipse_1705.so
7efde3ffe000-7efde3fff000 r--p 0000f000 00:35 10017524                   /home/gabrielga/.vscode/extensions/redhat.java-0.30.0/server/config_linux/org.eclipse.equinox.launcher/org.eclipse.equinox.launcher.gtk.linux.x86_64_1.1.800.v20180827-1352/eclipse_1705.so
7efde3fff000-7efde4000000 rw-p 00010000 00:35 10017524                   /home/gabrielga/.vscode/extensions/redhat.java-0.30.0/server/config_linux/org.eclipse.equinox.launcher/org.eclipse.equinox.launcher.gtk.linux.x86_64_1.1.800.v20180827-1352/eclipse_1705.so
7efde4000000-7efde4021000 rw-p 00000000 00:00 0 
7efde4021000-7efde8000000 ---p 00000000 00:00 0 
7efde8000000-7efde8447000 rw-p 00000000 00:00 0 
7efde8447000-7efdec000000 ---p 00000000 00:00 0 
7efdec000000-7efdec021000 rw-p 00000000 00:00 0 
7efdec021000-7efdf0000000 ---p 00000000 00:00 0 
7efdf0000000-7efdf0021000 rw-p 00000000 00:00 0 
7efdf0021000-7efdf4000000 ---p 00000000 00:00 0 
7efdf4000000-7efdf4021000 rw-p 00000000 00:00 0 
7efdf4021000-7efdf8000000 ---p 00000000 00:00 0 
7efdf8000000-7efdf8021000 rw-p 00000000 00:00 0 
7efdf8021000-7efdfc000000 ---p 00000000 00:00 0 
7efdfc000000-7efdfc021000 rw-p 00000000 00:00 0 
7efdfc021000-7efe00000000 ---p 00000000 00:00 0 
7efe000ce000-7efe000d1000 ---p 00000000 00:00 0 
7efe000d1000-7efe001cf000 rw-p 00000000 00:00 0 
7efe001cf000-7efe001d2000 ---p 00000000 00:00 0 
7efe001d2000-7efe002d0000 rw-p 00000000 00:00 0 
7efe002d0000-7efe002d2000 r--s 00007000 00:35 9328275                    /home/gabrielga/.vscode/extensions/redhat.java-0.30.0/server/plugins/org.slf4j.api_1.7.2.v20121108-1250.jar
7efe002d2000-7efe002d4000 r--s 00046000 00:35 9328274                    /home/gabrielga/.vscode/extensions/redhat.java-0.30.0/server/plugins/org.junit_4.12.0.v201504281640.jar
7efe002d4000-7efe002d6000 r--s 0000c000 00:35 9328273                    /home/gabrielga/.vscode/extensions/redhat.java-0.30.0/server/plugins/org.jboss.tools.maven.apt.core_1.5.0.201805160042.jar
7efe002d6000-7efe002d8000 r--s 0000f000 00:35 9328272                    /home/gabrielga/.vscode/extensions/redhat.java-0.30.0/server/plugins/org.hamcrest.core_1.3.0.v20180420-1519.jar
7efe002d8000-7efe00305000 r--s 001a3000 00:35 9328271                    /home/gabrielga/.vscode/extensions/redhat.java-0.30.0/server/plugins/org.gradle.toolingapi_4.3.0.v20171108133209.jar
7efe00305000-7efe00309000 r--s 00021000 00:35 9328270                    /home/gabrielga/.vscode/extensions/redhat.java-0.30.0/server/plugins/org.eclipse.xtext.xbase.lib_2.14.0.v20180522-1629.jar
7efe00309000-7efe0030d000 r--s 0000f000 00:35 9328269                    /home/gabrielga/.vscode/extensions/redhat.java-0.30.0/server/plugins/org.eclipse.xtend.lib.macro_2.14.0.v20180522-1629.jar
7efe0030d000-7efe0030f000 r--s 00018000 00:35 9328268                    /home/gabrielga/.vscode/extensions/redhat.java-0.30.0/server/plugins/org.eclipse.xtend.lib_2.14.0.v20180522-1629.jar
7efe0030f000-7efe00315000 r--s 00040000 00:35 9328267                    /home/gabrielga/.vscode/extensions/redhat.java-0.30.0/server/plugins/org.eclipse.text_3.7.0.v20180822-1511.jar
7efe00315000-7efe00317000 r--s 00010000 00:35 9328266                    /home/gabrielga/.vscode/extensions/redhat.java-0.30.0/server/plugins/org.eclipse.osgi.util_3.5.100.v20180827-1536.jar
7efe00317000-7efe0031c000 r--s 0001a000 00:35 9328265                    /home/gabrielga/.vscode/extensions/redhat.java-0.30.0/server/plugins/org.eclipse.osgi.services_3.7.100.v20180827-1536.jar
7efe0031c000-7efe0031d000 r--s 00003000 00:35 9328262                    /home/gabrielga/.vscode/extensions/redhat.java-0.30.0/server/plugins/org.eclipse.m2e.workspace.cli_0.3.1.jar
7efe0031d000-7efe0031e000 r--s 00004000 00:35 9328261                    /home/gabrielga/.vscode/extensions/redhat.java-0.30.0/server/plugins/org.eclipse.m2e.maven.runtime.slf4j.simple_1.9.1.20180829-1410.jar
7efe0031e000-7efe00320000 r--s 006dd000 00:35 9328260                    /home/gabrielga/.vscode/extensions/redhat.java-0.30.0/server/plugins/org.eclipse.m2e.maven.runtime_1.9.1.20180829-1410.jar
7efe00320000-7efe00323000 r--s 00112000 00:35 9328259                    /home/gabrielga/.vscode/extensions/redhat.java-0.30.0/server/plugins/org.eclipse.m2e.maven.indexer_1.9.1.20180829-1410.jar
7efe00323000-7efe00324000 r--s 00002000 00:35 9328258                    /home/gabrielga/.vscode/extensions/redhat.java-0.30.0/server/plugins/org.eclipse.m2e.lifecyclemapping.defaults_1.9.1.20180829-1411.jar
7efe00324000-7efe00327000 r--s 00020000 00:35 9328257                    /home/gabrielga/.vscode/extensions/redhat.java-0.30.0/server/plugins/org.eclipse.m2e.jdt_1.9.1.20180829-1411.jar
7efe00327000-7efe00332000 r--s 0008f000 00:35 9328256                    /home/gabrielga/.vscode/extensions/redhat.java-0.30.0/server/plugins/org.eclipse.m2e.core_1.9.1.20180829-1411.jar
7efe00332000-7efe00334000 r--s 001e7000 00:35 9328255                    /home/gabrielga/.vscode/extensions/redhat.java-0.30.0/server/plugins/org.eclipse.m2e.archetype.common_1.9.1.20180829-1410.jar
7efe00334000-7efe0033b000 r--s 0004e000 00:35 9328254                    /home/gabrielga/.vscode/extensions/redhat.java-0.30.0/server/plugins/org.eclipse.ltk.core.refactoring_3.9.100.v20180828-0626.jar
7efe0033b000-7efe0033e000 r--s 0001a000 00:35 9328253                    /home/gabrielga/.vscode/extensions/redhat.java-0.30.0/server/plugins/org.eclipse.lsp4j.jsonrpc_0.4.0.v20180425-1136.jar
7efe0033e000-7efe00347000 r--s 0005e000 00:35 9328252                    /home/gabrielga/.vscode/extensions/redhat.java-0.30.0/server/plugins/org.eclipse.lsp4j_0.4.0.v20180425-1136.jar
7efe00347000-7efe0035d000 r--s 001dd000 00:35 9328251                    /home/gabrielga/.vscode/extensions/redhat.java-0.30.0/server/plugins/org.eclipse.jdt.ls.core_0.24.0.201808312247.jar
7efe0035d000-7efe00363000 r--s 0007f000 00:35 9328249                    /home/gabrielga/.vscode/extensions/redhat.java-0.30.0/server/plugins/org.eclipse.jdt.launching_3.11.0.v20180827-1040.jar
7efe00363000-7efe00365000 r--s 0000c000 00:35 9328248                    /home/gabrielga/.vscode/extensions/redhat.java-0.30.0/server/plugins/org.eclipse.jdt.junit.runtime_3.4.800.v20180829-0645.jar
7efe00365000-7efe00369000 r--s 00028000 00:35 9328247                    /home/gabrielga/.vscode/extensions/redhat.java-0.30.0/server/plugins/org.eclipse.jdt.junit.core_3.10.100.v20180829-0645.jar
7efe00369000-7efe0036a000 r--s 000e7000 00:35 9328246                    /home/gabrielga/.vscode/extensions/redhat.java-0.30.0/server/plugins/org.eclipse.jdt.debug_3.12.0.v20180827-1040.jar
7efe0036a000-7efe00372000 r--s 00073000 00:35 9328245                    /home/gabrielga/.vscode/extensions/redhat.java-0.30.0/server/plugins/org.eclipse.jdt.core.manipulation_1.10.100.v20180829-0618.jar
7efe00372000-7efe003af000 r--s 0064d000 00:35 9328244                    /home/gabrielga/.vscode/extensions/redhat.java-0.30.0/server/plugins/org.eclipse.jdt.core_3.15.0.v20180830-1017.jar
7efe003af000-7efe003b2000 r--s 00030000 00:35 9328243                    /home/gabrielga/.vscode/extensions/redhat.java-0.30.0/server/plugins/org.eclipse.jdt.compiler.tool_1.2.300.v20180706-1359.jar
7efe003b2000-7efe003b5000 r--s 00032000 00:35 9328242                    /home/gabrielga/.vscode/extensions/redhat.java-0.30.0/server/plugins/org.eclipse.jdt.compiler.apt_1.3.300.v20180810-0804.jar
7efe003b5000-7efe003b6000 r--s 00009000 00:35 9328241                    /home/gabrielga/.vscode/extensions/redhat.java-0.30.0/server/plugins/org.eclipse.jdt.apt.pluggable.core_1.2.200.v20180730-0923.jar
7efe003b6000-7efe003be000 r--s 00059000 00:35 9328240                    /home/gabrielga/.vscode/extensions/redhat.java-0.30.0/server/plugins/org.eclipse.jdt.apt.core_3.6.100.v20180820-0936.jar
7efe003be000-7efe003bf000 r--s 00006000 00:35 9328239                    /home/gabrielga/.vscode/extensions/redhat.java-0.30.0/server/plugins/org.eclipse.equinox.simpleconfigurator.manipulator_2.1.100.v20180827-1122.jar
7efe003bf000-7efe003c1000 r--s 0000a000 00:35 9328238                    /home/gabrielga/.vscode/extensions/redhat.java-0.30.0/server/plugins/org.eclipse.equinox.simpleconfigurator_1.3.100.v20180827-1122.jar
7efe003c1000-7efe003c3000 r--s 00003000 00:35 9328234                    /home/gabrielga/.vscode/extensions/redhat.java-0.30.0/server/plugins/org.eclipse.equinox.security.linux.x86_64_1.1.100.v20180827-1235.jar
7efe003c3000-7efe003c6000 r--s 00018000 00:35 9328233                    /home/gabrielga/.vscode/extensions/redhat.java-0.30.0/server/plugins/org.eclipse.equinox.security_1.2.500.v20180827-1235.jar
7efe003c6000-7efe003c9000 r--s 0002d000 00:35 9328232                    /home/gabrielga/.vscode/extensions/redhat.java-0.30.0/server/plugins/org.eclipse.equinox.registry_3.8.100.v20180827-1235.jar
7efe003c9000-7efe003cc000 r--s 0001e000 00:35 9328231                    /home/gabrielga/.vscode/extensions/redhat.java-0.30.0/server/plugins/org.eclipse.equinox.preferences_3.7.200.v20180827-1235.jar
7efe003cc000-7efe003cd000 r--s 00013000 00:35 9328228                    /home/gabrielga/.vscode/extensions/redhat.java-0.30.0/server/plugins/org.eclipse.equinox.launcher.gtk.linux.x86_64_1.1.800.v20180827-1352.jar
7efe003cd000-7efe003cf000 r--s 0000f000 00:35 9328224                    /home/gabrielga/.vscode/extensions/redhat.java-0.30.0/server/plugins/org.eclipse.equinox.frameworkadmin.equinox_1.1.100.v20180822-1258.jar
7efe003cf000-7efe003d1000 r--s 00008000 00:35 9328223                    /home/gabrielga/.vscode/extensions/redhat.java-0.30.0/server/plugins/org.eclipse.equinox.frameworkadmin_2.1.100.v20180822-1258.jar
7efe003d1000-7efe005d1000 rw-p 00000000 00:00 0 
7efe005d1000-7efe005d4000 ---p 00000000 00:00 0 
7efe005d4000-7efe006d2000 rw-p 00000000 00:00 0 
7efe006d2000-7efe006d5000 ---p 00000000 00:00 0 
7efe006d5000-7efe007d3000 rw-p 00000000 00:00 0 
7efe007d3000-7efe007d6000 ---p 00000000 00:00 0 
7efe007d6000-7efe008d4000 rw-p 00000000 00:00 0 
7efe008d4000-7efe008d7000 ---p 00000000 00:00 0 
7efe008d7000-7efe009d5000 rw-p 00000000 00:00 0 
7efe009d5000-7efe009d8000 ---p 00000000 00:00 0 
7efe009d8000-7efe00ad6000 rw-p 00000000 00:00 0 
7efe00ad6000-7efe00ae7000 r-xp 00000000 08:01 139193                     /usr/lib/jvm/java-8-oracle/jre/lib/amd64/libnio.so
7efe00ae7000-7efe00ce6000 ---p 00011000 08:01 139193                     /usr/lib/jvm/java-8-oracle/jre/lib/amd64/libnio.so
7efe00ce6000-7efe00ce7000 rw-p 00010000 08:01 139193                     /usr/lib/jvm/java-8-oracle/jre/lib/amd64/libnio.so
7efe00ce7000-7efe03ce8000 rw-p 00000000 00:00 0 
7efe03ce8000-7efe03cfe000 r-xp 00000000 08:01 139190                     /usr/lib/jvm/java-8-oracle/jre/lib/amd64/libnet.so
7efe03cfe000-7efe03efe000 ---p 00016000 08:01 139190                     /usr/lib/jvm/java-8-oracle/jre/lib/amd64/libnet.so
7efe03efe000-7efe03eff000 rw-p 00016000 08:01 139190                     /usr/lib/jvm/java-8-oracle/jre/lib/amd64/libnet.so
7efe03eff000-7efe03f00000 ---p 00000000 00:00 0 
7efe03f00000-7efe04000000 rw-p 00000000 00:00 0 
7efe04000000-7efe04683000 rw-p 00000000 00:00 0 
7efe04683000-7efe08000000 ---p 00000000 00:00 0 
7efe08000000-7efe08021000 rw-p 00000000 00:00 0 
7efe08021000-7efe0c000000 ---p 00000000 00:00 0 
7efe0c000000-7efe0c7ac000 rw-p 00000000 00:00 0 
7efe0c7ac000-7efe10000000 ---p 00000000 00:00 0 
7efe10000000-7efe10800000 rw-p 00000000 00:00 0 
7efe10800000-7efe14000000 ---p 00000000 00:00 0 
7efe14000000-7efe14021000 rw-p 00000000 00:00 0 
7efe14021000-7efe18000000 ---p 00000000 00:00 0 
7efe18000000-7efe189d9000 rw-p 00000000 00:00 0 
7efe189d9000-7efe1c000000 ---p 00000000 00:00 0 
7efe1c000000-7efe1c021000 rw-p 00000000 00:00 0 
7efe1c021000-7efe20000000 ---p 00000000 00:00 0 
7efe20000000-7efe20021000 rw-p 00000000 00:00 0 
7efe20021000-7efe24000000 ---p 00000000 00:00 0 
7efe24000000-7efe24021000 rw-p 00000000 00:00 0 
7efe24021000-7efe28000000 ---p 00000000 00:00 0 
7efe28000000-7efe28021000 rw-p 00000000 00:00 0 
7efe28021000-7efe2c000000 ---p 00000000 00:00 0 
7efe2c000000-7efe2c021000 rw-p 00000000 00:00 0 
7efe2c021000-7efe30000000 ---p 00000000 00:00 0 
7efe30000000-7efe30021000 rw-p 00000000 00:00 0 
7efe30021000-7efe34000000 ---p 00000000 00:00 0 
7efe34000000-7efe34021000 rw-p 00000000 00:00 0 
7efe34021000-7efe38000000 ---p 00000000 00:00 0 
7efe38000000-7efe38021000 rw-p 00000000 00:00 0 
7efe38021000-7efe3c000000 ---p 00000000 00:00 0 
7efe3c000000-7efe3c021000 rw-p 00000000 00:00 0 
7efe3c021000-7efe40000000 ---p 00000000 00:00 0 
7efe40000000-7efe40021000 rw-p 00000000 00:00 0 
7efe40021000-7efe44000000 ---p 00000000 00:00 0 
7efe44000000-7efe44021000 rw-p 00000000 00:00 0 
7efe44021000-7efe48000000 ---p 00000000 00:00 0 
7efe48000000-7efe48021000 rw-p 00000000 00:00 0 
7efe48021000-7efe4c000000 ---p 00000000 00:00 0 
7efe4c000000-7efe4c021000 rw-p 00000000 00:00 0 
7efe4c021000-7efe50000000 ---p 00000000 00:00 0 
7efe50000000-7efe50021000 rw-p 00000000 00:00 0 
7efe50021000-7efe54000000 ---p 00000000 00:00 0 
7efe54000000-7efe54021000 rw-p 00000000 00:00 0 
7efe54021000-7efe58000000 ---p 00000000 00:00 0 
7efe58000000-7efe58021000 rw-p 00000000 00:00 0 
7efe58021000-7efe5c000000 ---p 00000000 00:00 0 
7efe5c000000-7efe5c021000 rw-p 00000000 00:00 0 
7efe5c021000-7efe60000000 ---p 00000000 00:00 0 
7efe60000000-7efe60003000 r--s 0001b000 00:35 9328222                    /home/gabrielga/.vscode/extensions/redhat.java-0.30.0/server/plugins/org.eclipse.equinox.common_3.10.100.v20180827-1235.jar
7efe60003000-7efe60005000 r--s 00014000 00:35 9328221                    /home/gabrielga/.vscode/extensions/redhat.java-0.30.0/server/plugins/org.eclipse.equinox.app_1.3.600.v20180827-1235.jar
7efe60005000-7efe6000d000 r--s 0005a000 00:35 9328220                    /home/gabrielga/.vscode/extensions/redhat.java-0.30.0/server/plugins/org.eclipse.debug.core_3.13.0.v20180821-1744.jar
7efe6000d000-7efe6000e000 r--s 00008000 00:35 9328219                    /home/gabrielga/.vscode/extensions/redhat.java-0.30.0/server/plugins/org.eclipse.core.variables_3.4.200.v20180821-1744.jar
7efe6000e000-7efe60010000 r--s 00011000 00:35 9328218                    /home/gabrielga/.vscode/extensions/redhat.java-0.30.0/server/plugins/org.eclipse.core.runtime_3.15.0.v20180817-1401.jar
7efe60010000-7efe6001b000 r--s 000cf000 00:35 9328217                    /home/gabrielga/.vscode/extensions/redhat.java-0.30.0/server/plugins/org.eclipse.core.resources_3.13.100.v20180828-0158.jar
7efe6001b000-7efe6001e000 r--s 00010000 00:35 9328212                    /home/gabrielga/.vscode/extensions/redhat.java-0.30.0/server/plugins/org.eclipse.core.net_1.3.300.v20180827-1041.jar
7efe6001e000-7efe60021000 r--s 00018000 00:35 9328211                    /home/gabrielga/.vscode/extensions/redhat.java-0.30.0/server/plugins/org.eclipse.core.jobs_3.10.100.v20180817-1215.jar
7efe60021000-7efe60023000 r--s 0000f000 00:35 9328210                    /home/gabrielga/.vscode/extensions/redhat.java-0.30.0/server/plugins/org.eclipse.core.filesystem_1.7.200.v20180828-0158.jar
7efe60023000-7efe60027000 r--s 0001a000 00:35 9328209                    /home/gabrielga/.vscode/extensions/redhat.java-0.30.0/server/plugins/org.eclipse.core.filebuffers_3.6.300.v20180822-1339.jar
7efe60027000-7efe60029000 r--s 00015000 00:35 9328208                    /home/gabrielga/.vscode/extensions/redhat.java-0.30.0/server/plugins/org.eclipse.core.expressions_3.6.200.v20180817-1401.jar
7efe60029000-7efe6002d000 r--s 00019000 00:35 9328206                    /home/gabrielga/.vscode/extensions/redhat.java-0.30.0/server/plugins/org.eclipse.core.commands_3.9.200.v20180827-1727.jar
7efe6002d000-7efe6005d000 r--s 0025e000 00:35 9328183                    /home/gabrielga/.vscode/extensions/redhat.java-0.30.0/server/plugins/com.google.guava_21.0.0.v20170206-1425.jar
7efe6005d000-7efe60087000 r--s 001ff000 00:35 9328182                    /home/gabrielga/.vscode/extensions/redhat.java-0.30.0/server/plugins/com.google.guava_15.0.0.v201403281430.jar
7efe60087000-7efe6008a000 ---p 00000000 00:00 0 
7efe6008a000-7efe60188000 rw-p 00000000 00:00 0 
7efe60188000-7efe60189000 ---p 00000000 00:00 0 
7efe60189000-7efe6018c000 ---p 00000000 00:00 0 
7efe6018c000-7efe60289000 rw-p 00000000 00:00 0 
7efe60289000-7efe6028a000 ---p 00000000 00:00 0 
7efe6028a000-7efe6028d000 ---p 00000000 00:00 0 
7efe6028d000-7efe6038a000 rw-p 00000000 00:00 0 
7efe6038a000-7efe6038b000 ---p 00000000 00:00 0 
7efe6038b000-7efe6038e000 ---p 00000000 00:00 0 
7efe6038e000-7efe6048b000 rw-p 00000000 00:00 0 
7efe6048b000-7efe6048c000 ---p 00000000 00:00 0 
7efe6048c000-7efe6048f000 ---p 00000000 00:00 0 
7efe6048f000-7efe6058c000 rw-p 00000000 00:00 0 
7efe6058c000-7efe6058f000 ---p 00000000 00:00 0 
7efe6058f000-7efe6068d000 rw-p 00000000 00:00 0 
7efe6068d000-7efe60690000 ---p 00000000 00:00 0 
7efe60690000-7efe6078e000 rw-p 00000000 00:00 0 
7efe6078e000-7efe6115d000 r--p 00000000 08:01 7346829                    /usr/lib/locale/locale-archive
7efe6115d000-7efe61160000 ---p 00000000 00:00 0 
7efe61160000-7efe6125e000 rw-p 00000000 00:00 0 
7efe6125e000-7efe61261000 ---p 00000000 00:00 0 
7efe61261000-7efe6135f000 rw-p 00000000 00:00 0 
7efe6135f000-7efe61360000 ---p 00000000 00:00 0 
7efe61360000-7efe614af000 rw-p 00000000 00:00 0 
7efe614af000-7efe61689000 r--s 03d6b000 08:01 138974                     /usr/lib/jvm/java-8-oracle/jre/lib/rt.jar
7efe61689000-7efe61eff000 rw-p 00000000 00:00 0 
7efe61eff000-7efe64000000 rw-p 00000000 00:00 0 
7efe64000000-7efe64021000 rw-p 00000000 00:00 0 
7efe64021000-7efe68000000 ---p 00000000 00:00 0 
7efe68000000-7efe68009000 r--s 0004f000 00:35 9328195                    /home/gabrielga/.vscode/extensions/redhat.java-0.30.0/server/plugins/org.eclipse.buildship.core_2.2.1.v20180125-1441.jar
7efe68009000-7efe68011000 r--s 0005e000 00:35 9328193                    /home/gabrielga/.vscode/extensions/redhat.java-0.30.0/server/plugins/org.apache.log4j_1.2.15.v201012070815.jar
7efe68011000-7efe68014000 ---p 00000000 00:00 0 
7efe68014000-7efe680a5000 rw-p 00000000 00:00 0 
7efe680a5000-7efe680a6000 ---p 00000000 00:00 0 
7efe680a6000-7efe68af3000 rw-p 00000000 00:00 0 
7efe68af3000-7efe68af4000 ---p 00000000 00:00 0 
7efe68af4000-7efe68bf4000 rw-p 00000000 00:00 0 
7efe68bf4000-7efe68bf5000 ---p 00000000 00:00 0 
7efe68bf5000-7efe68cf5000 rw-p 00000000 00:00 0 
7efe68cf5000-7efe68cf6000 ---p 00000000 00:00 0 
7efe68cf6000-7efe68fd6000 rw-p 00000000 00:00 0 
7efe68fd6000-7efe69df6000 ---p 00000000 00:00 0 
7efe69df6000-7efe69fd6000 rw-p 00000000 00:00 0 
7efe69fd6000-7efe6adf6000 ---p 00000000 00:00 0 
7efe6adf6000-7efe6ae32000 rw-p 00000000 00:00 0 
7efe6ae32000-7efe6aff6000 ---p 00000000 00:00 0 
7efe6aff6000-7efe6b032000 rw-p 00000000 00:00 0 
7efe6b032000-7efe6b3f6000 ---p 00000000 00:00 0 
7efe6b3f6000-7efe6b432000 rw-p 00000000 00:00 0 
7efe6b432000-7efe6b5f6000 ---p 00000000 00:00 0 
7efe6b5f6000-7efe6b5f7000 ---p 00000000 00:00 0 
7efe6b5f7000-7efe6b6f7000 rw-p 00000000 00:00 0 
7efe6b6f7000-7efe6b6f8000 ---p 00000000 00:00 0 
7efe6b6f8000-7efe6b7f8000 rw-p 00000000 00:00 0 
7efe6b7f8000-7efe6b7f9000 ---p 00000000 00:00 0 
7efe6b7f9000-7efe6b8f9000 rw-p 00000000 00:00 0 
7efe6b8f9000-7efe6b8fa000 ---p 00000000 00:00 0 
7efe6b8fa000-7efe6b9fa000 rw-p 00000000 00:00 0 
7efe6b9fa000-7efe6b9fb000 ---p 00000000 00:00 0 
7efe6b9fb000-7efe6bafb000 rw-p 00000000 00:00 0 
7efe6bafb000-7efe6bafc000 ---p 00000000 00:00 0 
7efe6bafc000-7efe6bbfc000 rw-p 00000000 00:00 0 
7efe6bbfc000-7efe6bbfd000 ---p 00000000 00:00 0 
7efe6bbfd000-7efe6bcfd000 rw-p 00000000 00:00 0 
7efe6bcfd000-7efe6bcfe000 ---p 00000000 00:00 0 
7efe6bcfe000-7efe6bdfe000 rw-p 00000000 00:00 0 
7efe6bdfe000-7efe6bdff000 ---p 00000000 00:00 0 
7efe6bdff000-7efe6c000000 rw-p 00000000 00:00 0 
7efe6c000000-7efe6c021000 rw-p 00000000 00:00 0 
7efe6c021000-7efe70000000 ---p 00000000 00:00 0 
7efe70000000-7efe70021000 rw-p 00000000 00:00 0 
7efe70021000-7efe74000000 ---p 00000000 00:00 0 
7efe74000000-7efe74021000 rw-p 00000000 00:00 0 
7efe74021000-7efe78000000 ---p 00000000 00:00 0 
7efe78000000-7efe78021000 rw-p 00000000 00:00 0 
7efe78021000-7efe7c000000 ---p 00000000 00:00 0 
7efe7c000000-7efe7c021000 rw-p 00000000 00:00 0 
7efe7c021000-7efe80000000 ---p 00000000 00:00 0 
7efe80000000-7efe80021000 rw-p 00000000 00:00 0 
7efe80021000-7efe84000000 ---p 00000000 00:00 0 
7efe84000000-7efe84021000 rw-p 00000000 00:00 0 
7efe84021000-7efe88000000 ---p 00000000 00:00 0 
7efe88000000-7efe88002000 r--s 00018000 00:35 9328207                    /home/gabrielga/.vscode/extensions/redhat.java-0.30.0/server/plugins/org.eclipse.core.contenttype_3.7.100.v20180817-1401.jar
7efe88002000-7efe88004000 r--s 0000f000 00:35 9328205                    /home/gabrielga/.vscode/extensions/redhat.java-0.30.0/server/plugins/org.eclipse.compare.core_3.6.300.v20180827-1041.jar
7efe88004000-7efe88006000 r--s 00019000 00:35 9328194                    /home/gabrielga/.vscode/extensions/redhat.java-0.30.0/server/plugins/org.eclipse.ant.core_3.5.200.v20180822-0553.jar
7efe88006000-7efe8800b000 r--s 0004c000 00:35 9328191                    /home/gabrielga/.vscode/extensions/redhat.java-0.30.0/server/plugins/org.apache.commons.lang3_3.1.0.v201403281430.jar
7efe8800b000-7efe8800e000 r--s 002da000 00:35 9328190                    /home/gabrielga/.vscode/extensions/redhat.java-0.30.0/server/plugins/org.apache.ant_1.10.5.v20180808-0324.jar
7efe8800e000-7efe88016000 r--s 00036000 00:35 9328189                    /home/gabrielga/.vscode/extensions/redhat.java-0.30.0/server/plugins/javax.xml_1.3.4.v201005080400.jar
7efe88016000-7efe88019000 r--s 0002e000 00:35 9328187                    /home/gabrielga/.vscode/extensions/redhat.java-0.30.0/server/plugins/com.ibm.icu.base_58.2.0.v20170418-1837.jar
7efe88019000-7efe8801e000 r--s 0001f000 00:35 9328185                    /home/gabrielga/.vscode/extensions/redhat.java-0.30.0/server/plugins/com.gradleware.tooling.model_0.19.4.v20171108133209.jar
7efe8801e000-7efe88034000 r--s 0014a000 00:35 9328263                    /home/gabrielga/.vscode/extensions/redhat.java-0.30.0/server/plugins/org.eclipse.osgi_3.13.100.v20180827-1536.jar
7efe88034000-7efe8863a000 rw-p 00000000 00:00 0 
7efe8863a000-7efe8863b000 ---p 00000000 00:00 0 
7efe8863b000-7efe8873b000 rw-p 00000000 00:00 0 
7efe8873b000-7efe8873c000 ---p 00000000 00:00 0 
7efe8873c000-7efe8883c000 rw-p 00000000 00:00 0 
7efe8883c000-7efe8883d000 ---p 00000000 00:00 0 
7efe8883d000-7efe8893d000 rw-p 00000000 00:00 0 
7efe8893d000-7efe8893e000 ---p 00000000 00:00 0 
7efe8893e000-7efe88a3e000 rw-p 00000000 00:00 0 
7efe88a3e000-7efe88a3f000 ---p 00000000 00:00 0 
7efe88a3f000-7efe88b3f000 rw-p 00000000 00:00 0 
7efe88b3f000-7efe88b40000 ---p 00000000 00:00 0 
7efe88b40000-7efe88c56000 rw-p 00000000 00:00 0 
7efe88c56000-7efe89000000 ---p 00000000 00:00 0 
7efe89000000-7efe89570000 rwxp 00000000 00:00 0 
7efe89570000-7efe98000000 ---p 00000000 00:00 0 
7efe98000000-7efe98750000 rw-p 00000000 00:00 0 
7efe98750000-7efe9c000000 ---p 00000000 00:00 0 
7efe9c000000-7efe9c002000 r--s 00003000 00:35 9328188                    /home/gabrielga/.vscode/extensions/redhat.java-0.30.0/server/plugins/javax.inject_1.0.0.v20091030.jar
7efe9c002000-7efe9c004000 r--s 00005000 00:35 9328186                    /home/gabrielga/.vscode/extensions/redhat.java-0.30.0/server/plugins/com.gradleware.tooling.utils_0.19.4.v20171108133209.jar
7efe9c004000-7efe9c006000 r--s 0000c000 00:35 9328184                    /home/gabrielga/.vscode/extensions/redhat.java-0.30.0/server/plugins/com.gradleware.tooling.client_0.19.4.v20171108133209.jar
7efe9c006000-7efe9c00c000 r--s 0003a000 00:35 9328181                    /home/gabrielga/.vscode/extensions/redhat.java-0.30.0/server/plugins/com.google.gson_2.7.0.v20170129-0911.jar
7efe9c00c000-7efe9c08e000 rw-p 00000000 00:00 0 
7efe9c08e000-7efe9c08f000 ---p 00000000 00:00 0 
7efe9c08f000-7efe9c18f000 rw-p 00000000 00:00 0 
7efe9c18f000-7efe9c190000 ---p 00000000 00:00 0 
7efe9c190000-7efe9c290000 rw-p 00000000 00:00 0 
7efe9c290000-7efe9c2ab000 r-xp 00000000 08:01 139186                     /usr/lib/jvm/java-8-oracle/jre/lib/amd64/libzip.so
7efe9c2ab000-7efe9c4ab000 ---p 0001b000 08:01 139186                     /usr/lib/jvm/java-8-oracle/jre/lib/amd64/libzip.so
7efe9c4ab000-7efe9c4ac000 rw-p 0001b000 08:01 139186                     /usr/lib/jvm/java-8-oracle/jre/lib/amd64/libzip.so
7efe9c4ac000-7efe9c4d7000 r-xp 00000000 08:01 139180                     /usr/lib/jvm/java-8-oracle/jre/lib/amd64/libjava.so
7efe9c4d7000-7efe9c6d6000 ---p 0002b000 08:01 139180                     /usr/lib/jvm/java-8-oracle/jre/lib/amd64/libjava.so
7efe9c6d6000-7efe9c6d8000 rw-p 0002a000 08:01 139180                     /usr/lib/jvm/java-8-oracle/jre/lib/amd64/libjava.so
7efe9c6d8000-7efe9c6e5000 r-xp 00000000 08:01 139185                     /usr/lib/jvm/java-8-oracle/jre/lib/amd64/libverify.so
7efe9c6e5000-7efe9c8e5000 ---p 0000d000 08:01 139185                     /usr/lib/jvm/java-8-oracle/jre/lib/amd64/libverify.so
7efe9c8e5000-7efe9c8e7000 rw-p 0000d000 08:01 139185                     /usr/lib/jvm/java-8-oracle/jre/lib/amd64/libverify.so
7efe9c8e7000-7efe9c8ee000 r-xp 00000000 08:01 166647                     /lib/x86_64-linux-gnu/librt-2.27.so
7efe9c8ee000-7efe9caed000 ---p 00007000 08:01 166647                     /lib/x86_64-linux-gnu/librt-2.27.so
7efe9caed000-7efe9caee000 r--p 00006000 08:01 166647                     /lib/x86_64-linux-gnu/librt-2.27.so
7efe9caee000-7efe9caef000 rw-p 00007000 08:01 166647                     /lib/x86_64-linux-gnu/librt-2.27.so
7efe9caef000-7efe9cc8c000 r-xp 00000000 08:01 166569                     /lib/x86_64-linux-gnu/libm-2.27.so
7efe9cc8c000-7efe9ce8b000 ---p 0019d000 08:01 166569                     /lib/x86_64-linux-gnu/libm-2.27.so
7efe9ce8b000-7efe9ce8c000 r--p 0019c000 08:01 166569                     /lib/x86_64-linux-gnu/libm-2.27.so
7efe9ce8c000-7efe9ce8d000 rw-p 0019d000 08:01 166569                     /lib/x86_64-linux-gnu/libm-2.27.so
7efe9ce8d000-7efe9db69000 r-xp 00000000 08:01 139162                     /usr/lib/jvm/java-8-oracle/jre/lib/amd64/server/libjvm.so
7efe9db69000-7efe9dd69000 ---p 00cdc000 08:01 139162                     /usr/lib/jvm/java-8-oracle/jre/lib/amd64/server/libjvm.so
7efe9dd69000-7efe9de43000 rw-p 00cdc000 08:01 139162                     /usr/lib/jvm/java-8-oracle/jre/lib/amd64/server/libjvm.so
7efe9de43000-7efe9de8e000 rw-p 00000000 00:00 0 
7efe9de8e000-7efe9e075000 r-xp 00000000 08:01 166506                     /lib/x86_64-linux-gnu/libc-2.27.so
7efe9e075000-7efe9e275000 ---p 001e7000 08:01 166506                     /lib/x86_64-linux-gnu/libc-2.27.so
7efe9e275000-7efe9e279000 r--p 001e7000 08:01 166506                     /lib/x86_64-linux-gnu/libc-2.27.so
7efe9e279000-7efe9e27b000 rw-p 001eb000 08:01 166506                     /lib/x86_64-linux-gnu/libc-2.27.so
7efe9e27b000-7efe9e27f000 rw-p 00000000 00:00 0 
7efe9e27f000-7efe9e282000 r-xp 00000000 08:01 166529                     /lib/x86_64-linux-gnu/libdl-2.27.so
7efe9e282000-7efe9e481000 ---p 00003000 08:01 166529                     /lib/x86_64-linux-gnu/libdl-2.27.so
7efe9e481000-7efe9e482000 r--p 00002000 08:01 166529                     /lib/x86_64-linux-gnu/libdl-2.27.so
7efe9e482000-7efe9e483000 rw-p 00003000 08:01 166529                     /lib/x86_64-linux-gnu/libdl-2.27.so
7efe9e483000-7efe9e499000 r-xp 00000000 08:01 138841                     /usr/lib/jvm/java-8-oracle/lib/amd64/jli/libjli.so
7efe9e499000-7efe9e698000 ---p 00016000 08:01 138841                     /usr/lib/jvm/java-8-oracle/lib/amd64/jli/libjli.so
7efe9e698000-7efe9e699000 rw-p 00015000 08:01 138841                     /usr/lib/jvm/java-8-oracle/lib/amd64/jli/libjli.so
7efe9e699000-7efe9e6b3000 r-xp 00000000 08:01 166639                     /lib/x86_64-linux-gnu/libpthread-2.27.so
7efe9e6b3000-7efe9e8b2000 ---p 0001a000 08:01 166639                     /lib/x86_64-linux-gnu/libpthread-2.27.so
7efe9e8b2000-7efe9e8b3000 r--p 00019000 08:01 166639                     /lib/x86_64-linux-gnu/libpthread-2.27.so
7efe9e8b3000-7efe9e8b4000 rw-p 0001a000 08:01 166639                     /lib/x86_64-linux-gnu/libpthread-2.27.so
7efe9e8b4000-7efe9e8b8000 rw-p 00000000 00:00 0 
7efe9e8b8000-7efe9e8df000 r-xp 00000000 08:01 166478                     /lib/x86_64-linux-gnu/ld-2.27.so
7efe9e8df000-7efe9e905000 r--p 00000000 08:01 62287                      /usr/share/locale-langpack/pt_BR/LC_MESSAGES/libc.mo
7efe9e905000-7efe9e987000 rw-p 00000000 00:00 0 
7efe9e987000-7efe9e9bc000 r--s 00000000 08:01 161142                     /var/cache/nscd/passwd
7efe9e9bc000-7efe9e9bd000 ---p 00000000 00:00 0 
7efe9e9bd000-7efe9e9c0000 ---p 00000000 00:00 0 
7efe9e9c0000-7efe9eabf000 rw-p 00000000 00:00 0 
7efe9eabf000-7efe9eac0000 r--s 00017000 00:35 9328214                    /home/gabrielga/.vscode/extensions/redhat.java-0.30.0/server/plugins/org.eclipse.core.net.linux.x86_64_1.2.200.v20180827-1041.jar
7efe9eac0000-7efe9eac2000 r--s 0003a000 00:35 9328264                    /home/gabrielga/.vscode/extensions/redhat.java-0.30.0/server/plugins/org.eclipse.osgi.compatibility.state_1.1.200.v20180827-1536.jar
7efe9eac2000-7efe9eac9000 r--s 00000000 08:01 7605523                    /usr/lib/x86_64-linux-gnu/gconv/gconv-modules.cache
7efe9eac9000-7efe9eacc000 r--s 0001a000 08:01 139206                     /usr/lib/jvm/java-8-oracle/jre/lib/jce.jar
7efe9eacc000-7efe9ead1000 r--s 0009d000 08:01 139031                     /usr/lib/jvm/java-8-oracle/jre/lib/jsse.jar
7efe9ead1000-7efe9ead3000 r--s 0000c000 00:35 9328225                    /home/gabrielga/.vscode/extensions/redhat.java-0.30.0/server/plugins/org.eclipse.equinox.launcher_1.5.100.v20180827-1352.jar
7efe9ead3000-7efe9eadb000 rw-s 00000000 08:01 9306351                    /tmp/hsperfdata_gabrielga/11689
7efe9eadb000-7efe9eadc000 rw-p 00000000 00:00 0 
7efe9eadc000-7efe9eadd000 r--p 00000000 00:00 0 
7efe9eadd000-7efe9eadf000 rw-p 00000000 00:00 0 
7efe9eadf000-7efe9eae0000 r--p 00027000 08:01 166478                     /lib/x86_64-linux-gnu/ld-2.27.so
7efe9eae0000-7efe9eae1000 rw-p 00028000 08:01 166478                     /lib/x86_64-linux-gnu/ld-2.27.so
7efe9eae1000-7efe9eae2000 rw-p 00000000 00:00 0 
7ffd57984000-7ffd579a5000 rw-p 00000000 00:00 0                          [stack]
7ffd579cc000-7ffd579cf000 r--p 00000000 00:00 0                          [vvar]
7ffd579cf000-7ffd579d1000 r-xp 00000000 00:00 0                          [vdso]
ffffffffff600000-ffffffffff601000 r-xp 00000000 00:00 0                  [vsyscall]

VM Arguments:
jvm_args: -Declipse.application=org.eclipse.jdt.ls.core.id1 -Dosgi.bundles.defaultStartLevel=4 -Declipse.product=org.eclipse.jdt.ls.core.product -Xverify:none -Xmx1G -XX:+UseG1GC -XX:+UseStringDeduplication 
java_command: /home/gabrielga/.vscode/extensions/redhat.java-0.30.0/server/plugins/org.eclipse.equinox.launcher_1.5.100.v20180827-1352.jar -configuration /home/gabrielga/.vscode/extensions/redhat.java-0.30.0/server/config_linux -data /home/gabrielga/.config/Code/User/workspaceStorage/4cdb034ebac51659f4f0459f112851ed/redhat.java/jdt_ws
java_class_path (initial): /home/gabrielga/.vscode/extensions/redhat.java-0.30.0/server/plugins/org.eclipse.equinox.launcher_1.5.100.v20180827-1352.jar
Launcher Type: SUN_STANDARD

Environment Variables:
JAVA_HOME=/usr/lib/jvm/java-8-oracle
PATH=/home/gabrielga/.tst/bin:/u01/app/oracle/product/11.2.0/xe/bin:/usr/local/sbin:/usr/local/bin:/usr/sbin:/usr/bin:/sbin:/bin:/usr/games:/usr/local/games:/snap/bin:/usr/lib/jvm/java-8-oracle/bin:/usr/lib/jvm/java-8-oracle/db/bin:/usr/lib/jvm/java-8-oracle/jre/bin:/opt/puppetlabs/bin:/home/gabrielga/.local/bin:/home/gabrielga/.local/bin:/home/gabrielga/.local/bin
USERNAME=gabrielga
LD_LIBRARY_PATH=/u01/app/oracle/product/11.2.0/xe/lib
SHELL=/bin/bash
DISPLAY=:0

Signal Handlers:
SIGSEGV: [libjvm.so+0xad2a40], sa_mask[0]=11111111011111111101111111111110, sa_flags=SA_RESTART|SA_SIGINFO
SIGBUS: [libjvm.so+0xad2a40], sa_mask[0]=11111111011111111101111111111110, sa_flags=SA_RESTART|SA_SIGINFO
SIGFPE: [libjvm.so+0x92a610], sa_mask[0]=11111111011111111101111111111110, sa_flags=SA_RESTART|SA_SIGINFO
SIGPIPE: [libjvm.so+0x92a610], sa_mask[0]=11111111011111111101111111111110, sa_flags=SA_RESTART|SA_SIGINFO
SIGXFSZ: [libjvm.so+0x92a610], sa_mask[0]=11111111011111111101111111111110, sa_flags=SA_RESTART|SA_SIGINFO
SIGILL: [libjvm.so+0x92a610], sa_mask[0]=11111111011111111101111111111110, sa_flags=SA_RESTART|SA_SIGINFO
SIGUSR1: SIG_DFL, sa_mask[0]=00000000000000000000000000000000, sa_flags=none
SIGUSR2: [libjvm.so+0x92be70], sa_mask[0]=00000000000000000000000000000000, sa_flags=SA_RESTART|SA_SIGINFO
SIGHUP: [libjvm.so+0x92d270], sa_mask[0]=11111111011111111101111111111110, sa_flags=SA_RESTART|SA_SIGINFO
SIGINT: [libjvm.so+0x92d270], sa_mask[0]=11111111011111111101111111111110, sa_flags=SA_RESTART|SA_SIGINFO
SIGTERM: [libjvm.so+0x92d270], sa_mask[0]=11111111011111111101111111111110, sa_flags=SA_RESTART|SA_SIGINFO
SIGQUIT: [libjvm.so+0x92d270], sa_mask[0]=11111111011111111101111111111110, sa_flags=SA_RESTART|SA_SIGINFO


---------------  S Y S T E M  ---------------

OS:DISTRIB_ID=Ubuntu
DISTRIB_RELEASE=18.04
DISTRIB_CODENAME=bionic
DISTRIB_DESCRIPTION="Ubuntu 18.04.1 LTS"

uname:Linux 4.15.0-50-generic #54-Ubuntu SMP Mon May 6 18:46:08 UTC 2019 x86_64
libc:glibc 2.27 NPTL 2.27 
rlimit: STACK 8192k, CORE 0k, NPROC 30418, NOFILE 1048576, AS infinity
load average:3,80 2,37 2,37

/proc/meminfo:
MemTotal:        7850688 kB
MemFree:          134324 kB
MemAvailable:    4563720 kB
Buffers:          308768 kB
Cached:          5014588 kB
SwapCached:            0 kB
Active:          3276660 kB
Inactive:        3905668 kB
Active(anon):    1884256 kB
Inactive(anon):   785900 kB
Active(file):    1392404 kB
Inactive(file):  3119768 kB
Unevictable:          16 kB
Mlocked:              16 kB
SwapTotal:       2097148 kB
SwapFree:        2097148 kB
Dirty:               524 kB
Writeback:             0 kB
AnonPages:       1858696 kB
Mapped:           643296 kB
Shmem:            817804 kB
Slab:             369560 kB
SReclaimable:     221380 kB
SUnreclaim:       148180 kB
KernelStack:       15952 kB
PageTables:        67020 kB
NFS_Unstable:          0 kB
Bounce:                0 kB
WritebackTmp:          0 kB
CommitLimit:     6022492 kB
Committed_AS:    9733392 kB
VmallocTotal:   34359738367 kB
VmallocUsed:           0 kB
VmallocChunk:          0 kB
HardwareCorrupted:     0 kB
AnonHugePages:         0 kB
ShmemHugePages:        0 kB
ShmemPmdMapped:        0 kB
CmaTotal:              0 kB
CmaFree:               0 kB
HugePages_Total:       0
HugePages_Free:        0
HugePages_Rsvd:        0
HugePages_Surp:        0
Hugepagesize:       2048 kB
DirectMap4k:      359324 kB
DirectMap2M:     7708672 kB


CPU:total 8 (initial active 8) (4 cores per cpu, 2 threads per core) family 6 model 42 stepping 7, cmov, cx8, fxsr, mmx, sse, sse2, sse3, ssse3, sse4.1, sse4.2, popcnt, avx, aes, clmul, ht, tsc, tscinvbit

/proc/cpuinfo:
processor	: 0
vendor_id	: GenuineIntel
cpu family	: 6
model		: 42
model name	: Intel(R) Core(TM) i7-2600 CPU @ 3.40GHz
stepping	: 7
microcode	: 0x2f
cpu MHz		: 3493.027
cache size	: 8192 KB
physical id	: 0
siblings	: 8
core id		: 0
cpu cores	: 4
apicid		: 0
initial apicid	: 0
fpu		: yes
fpu_exception	: yes
cpuid level	: 13
wp		: yes
flags		: fpu vme de pse tsc msr pae mce cx8 apic sep mtrr pge mca cmov pat pse36 clflush dts acpi mmx fxsr sse sse2 ss ht tm pbe syscall nx rdtscp lm constant_tsc arch_perfmon pebs bts nopl xtopology nonstop_tsc cpuid aperfmperf pni pclmulqdq dtes64 ds_cpl vmx smx est tm2 ssse3 cx16 xtpr pdcm pcid sse4_1 sse4_2 x2apic popcnt tsc_deadline_timer aes xsave avx lahf_lm epb pti ssbd ibrs ibpb stibp tpr_shadow vnmi flexpriority ept vpid xsaveopt dtherm ida arat pln pts md_clear flush_l1d
bugs		: cpu_meltdown spectre_v1 spectre_v2 spec_store_bypass l1tf mds
bogomips	: 6784.20
clflush size	: 64
cache_alignment	: 64
address sizes	: 36 bits physical, 48 bits virtual
power management:

processor	: 1
vendor_id	: GenuineIntel
cpu family	: 6
model		: 42
model name	: Intel(R) Core(TM) i7-2600 CPU @ 3.40GHz
stepping	: 7
microcode	: 0x2f
cpu MHz		: 3499.494
cache size	: 8192 KB
physical id	: 0
siblings	: 8
core id		: 1
cpu cores	: 4
apicid		: 2
initial apicid	: 2
fpu		: yes
fpu_exception	: yes
cpuid level	: 13
wp		: yes
flags		: fpu vme de pse tsc msr pae mce cx8 apic sep mtrr pge mca cmov pat pse36 clflush dts acpi mmx fxsr sse sse2 ss ht tm pbe syscall nx rdtscp lm constant_tsc arch_perfmon pebs bts nopl xtopology nonstop_tsc cpuid aperfmperf pni pclmulqdq dtes64 monitor ds_cpl vmx smx est tm2 ssse3 cx16 xtpr pdcm pcid sse4_1 sse4_2 x2apic popcnt tsc_deadline_timer aes xsave avx lahf_lm epb pti ssbd ibrs ibpb stibp tpr_shadow vnmi flexpriority ept vpid xsaveopt dtherm ida arat pln pts md_clear flush_l1d
bugs		: cpu_meltdown spectre_v1 spectre_v2 spec_store_bypass l1tf mds
bogomips	: 6784.20
clflush size	: 64
cache_alignment	: 64
address sizes	: 36 bits physical, 48 bits virtual
power management:

processor	: 2
vendor_id	: GenuineIntel
cpu family	: 6
model		: 42
model name	: Intel(R) Core(TM) i7-2600 CPU @ 3.40GHz
stepping	: 7
microcode	: 0x2f
cpu MHz		: 3501.357
cache size	: 8192 KB
physical id	: 0
siblings	: 8
core id		: 2
cpu cores	: 4
apicid		: 4
initial apicid	: 4
fpu		: yes
fpu_exception	: yes
cpuid level	: 13
wp		: yes
flags		: fpu vme de pse tsc msr pae mce cx8 apic sep mtrr pge mca cmov pat pse36 clflush dts acpi mmx fxsr sse sse2 ss ht tm pbe syscall nx rdtscp lm constant_tsc arch_perfmon pebs bts nopl xtopology nonstop_tsc cpuid aperfmperf pni pclmulqdq dtes64 monitor ds_cpl vmx smx est tm2 ssse3 cx16 xtpr pdcm pcid sse4_1 sse4_2 x2apic popcnt tsc_deadline_timer aes xsave avx lahf_lm epb pti ssbd ibrs ibpb stibp tpr_shadow vnmi flexpriority ept vpid xsaveopt dtherm ida arat pln pts md_clear flush_l1d
bugs		: cpu_meltdown spectre_v1 spectre_v2 spec_store_bypass l1tf mds
bogomips	: 6784.20
clflush size	: 64
cache_alignment	: 64
address sizes	: 36 bits physical, 48 bits virtual
power management:

processor	: 3
vendor_id	: GenuineIntel
cpu family	: 6
model		: 42
model name	: Intel(R) Core(TM) i7-2600 CPU @ 3.40GHz
stepping	: 7
microcode	: 0x2f
cpu MHz		: 3499.598
cache size	: 8192 KB
physical id	: 0
siblings	: 8
core id		: 3
cpu cores	: 4
apicid		: 6
initial apicid	: 6
fpu		: yes
fpu_exception	: yes
cpuid level	: 13
wp		: yes
flags		: fpu vme de pse tsc msr pae mce cx8 apic sep mtrr pge mca cmov pat pse36 clflush dts acpi mmx fxsr sse sse2 ss ht tm pbe syscall nx rdtscp lm constant_tsc arch_perfmon pebs bts nopl xtopology nonstop_tsc cpuid aperfmperf pni pclmulqdq dtes64 monitor ds_cpl vmx smx est tm2 ssse3 cx16 xtpr pdcm pcid sse4_1 sse4_2 x2apic popcnt tsc_deadline_timer aes xsave avx lahf_lm epb pti ssbd ibrs ibpb stibp tpr_shadow vnmi flexpriority ept vpid xsaveopt dtherm ida arat pln pts md_clear flush_l1d
bugs		: cpu_meltdown spectre_v1 spectre_v2 spec_store_bypass l1tf mds
bogomips	: 6784.20
clflush size	: 64
cache_alignment	: 64
address sizes	: 36 bits physical, 48 bits virtual
power management:

processor	: 4
vendor_id	: GenuineIntel
cpu family	: 6
model		: 42
model name	: Intel(R) Core(TM) i7-2600 CPU @ 3.40GHz
stepping	: 7
microcode	: 0x2f
cpu MHz		: 3495.045
cache size	: 8192 KB
physical id	: 0
siblings	: 8
core id		: 0
cpu cores	: 4
apicid		: 1
initial apicid	: 1
fpu		: yes
fpu_exception	: yes
cpuid level	: 13
wp		: yes
flags		: fpu vme de pse tsc msr pae mce cx8 apic sep mtrr pge mca cmov pat pse36 clflush dts acpi mmx fxsr sse sse2 ss ht tm pbe syscall nx rdtscp lm constant_tsc arch_perfmon pebs bts nopl xtopology nonstop_tsc cpuid aperfmperf pni pclmulqdq dtes64 monitor ds_cpl vmx smx est tm2 ssse3 cx16 xtpr pdcm pcid sse4_1 sse4_2 x2apic popcnt tsc_deadline_timer aes xsave avx lahf_lm epb pti ssbd ibrs ibpb stibp tpr_shadow vnmi flexpriority ept vpid xsaveopt dtherm ida arat pln pts md_clear flush_l1d
bugs		: cpu_meltdown spectre_v1 spectre_v2 spec_store_bypass l1tf mds
bogomips	: 6784.20
clflush size	: 64
cache_alignment	: 64
address sizes	: 36 bits physical, 48 bits virtual
power management:

processor	: 5
vendor_id	: GenuineIntel
cpu family	: 6
model		: 42
model name	: Intel(R) Core(TM) i7-2600 CPU @ 3.40GHz
stepping	: 7
microcode	: 0x2f
cpu MHz		: 3502.579
cache size	: 8192 KB
physical id	: 0
siblings	: 8
core id		: 1
cpu cores	: 4
apicid		: 3
initial apicid	: 3
fpu		: yes
fpu_exception	: yes
cpuid level	: 13
wp		: yes
flags		: fpu vme de pse tsc msr pae mce cx8 apic sep mtrr pge mca cmov pat pse36 clflush dts acpi mmx fxsr sse sse2 ss ht tm pbe syscall nx rdtscp lm constant_tsc arch_perfmon pebs bts nopl xtopology nonstop_tsc cpuid aperfmperf pni pclmulqdq dtes64 monitor ds_cpl vmx smx est tm2 ssse3 cx16 xtpr pdcm pcid sse4_1 sse4_2 x2apic popcnt tsc_deadline_timer aes xsave avx lahf_lm epb pti ssbd ibrs ibpb stibp tpr_shadow vnmi flexpriority ept vpid xsaveopt dtherm ida arat pln pts md_clear flush_l1d
bugs		: cpu_meltdown spectre_v1 spectre_v2 spec_store_bypass l1tf mds
bogomips	: 6784.20
clflush size	: 64
cache_alignment	: 64
address sizes	: 36 bits physical, 48 bits virtual
power management:

processor	: 6
vendor_id	: GenuineIntel
cpu family	: 6
model		: 42
model name	: Intel(R) Core(TM) i7-2600 CPU @ 3.40GHz
stepping	: 7
microcode	: 0x2f
cpu MHz		: 3497.957
cache size	: 8192 KB
physical id	: 0
siblings	: 8
core id		: 2
cpu cores	: 4
apicid		: 5
initial apicid	: 5
fpu		: yes
fpu_exception	: yes
cpuid level	: 13
wp		: yes
flags		: fpu vme de pse tsc msr pae mce cx8 apic sep mtrr pge mca cmov pat pse36 clflush dts acpi mmx fxsr sse sse2 ss ht tm pbe syscall nx rdtscp lm constant_tsc arch_perfmon pebs bts nopl xtopology nonstop_tsc cpuid aperfmperf pni pclmulqdq dtes64 monitor ds_cpl vmx smx est tm2 ssse3 cx16 xtpr pdcm pcid sse4_1 sse4_2 x2apic popcnt tsc_deadline_timer aes xsave avx lahf_lm epb pti ssbd ibrs ibpb stibp tpr_shadow vnmi flexpriority ept vpid xsaveopt dtherm ida arat pln pts md_clear flush_l1d
bugs		: cpu_meltdown spectre_v1 spectre_v2 spec_store_bypass l1tf mds
bogomips	: 6784.20
clflush size	: 64
cache_alignment	: 64
address sizes	: 36 bits physical, 48 bits virtual
power management:

processor	: 7
vendor_id	: GenuineIntel
cpu family	: 6
model		: 42
model name	: Intel(R) Core(TM) i7-2600 CPU @ 3.40GHz
stepping	: 7
microcode	: 0x2f
cpu MHz		: 3497.159
cache size	: 8192 KB
physical id	: 0
siblings	: 8
core id		: 3
cpu cores	: 4
apicid		: 7
initial apicid	: 7
fpu		: yes
fpu_exception	: yes
cpuid level	: 13
wp		: yes
flags		: fpu vme de pse tsc msr pae mce cx8 apic sep mtrr pge mca cmov pat pse36 clflush dts acpi mmx fxsr sse sse2 ss ht tm pbe syscall nx rdtscp lm constant_tsc arch_perfmon pebs bts nopl xtopology nonstop_tsc cpuid aperfmperf pni pclmulqdq dtes64 monitor ds_cpl vmx smx est tm2 ssse3 cx16 xtpr pdcm pcid sse4_1 sse4_2 x2apic popcnt tsc_deadline_timer aes xsave avx lahf_lm epb pti ssbd ibrs ibpb stibp tpr_shadow vnmi flexpriority ept vpid xsaveopt dtherm ida arat pln pts md_clear flush_l1d
bugs		: cpu_meltdown spectre_v1 spectre_v2 spec_store_bypass l1tf mds
bogomips	: 6784.20
clflush size	: 64
cache_alignment	: 64
address sizes	: 36 bits physical, 48 bits virtual
power management:



Memory: 4k page, physical 7850688k(134324k free), swap 2097148k(2097148k free)

vm_info: Java HotSpot(TM) 64-Bit Server VM (25.181-b13) for linux-amd64 JRE (1.8.0_181-b13), built on Jul  7 2018 00:56:38 by "java_re" with gcc 4.3.0 20080428 (Red Hat 4.3.0-8)

time: Fri May 31 14:48:23 2019
elapsed time: 1 seconds (0d 0h 0m 1s)

